This file contains any messages produced by compilers while
running configure, to aid debugging if configure makes a mistake.

It was created by configure, which was
generated by GNU Autoconf 2.64.  Invocation command line was

  $ /usr/local/src/binutils-2.22/ld/configure --cache-file=./config.cache --with-gnu-as --with-gnu-ld --with-system-zlib --prefix=/usr/local/src/cross --disable-nls --disable-werror --program-transform-name=s&^&i686-elf-& --disable-option-checking --build=x86_64-unknown-linux-gnu --host=x86_64-unknown-linux-gnu --target=i686-elf --srcdir=../../binutils-2.22/ld

## --------- ##
## Platform. ##
## --------- ##

hostname = precise64
uname -m = x86_64
uname -r = 3.2.0-23-generic
uname -s = Linux
uname -v = #36-Ubuntu SMP Tue Apr 10 20:39:51 UTC 2012

/usr/bin/uname -p = unknown
/bin/uname -X     = unknown

/bin/arch              = unknown
/usr/bin/arch -k       = unknown
/usr/convex/getsysinfo = unknown
/usr/bin/hostinfo      = unknown
/bin/machine           = unknown
/usr/bin/oslevel       = unknown
/bin/universe          = unknown

PATH: /usr/local/src/cross/bin
PATH: /usr/local/sbin
PATH: /usr/local/bin
PATH: /usr/sbin
PATH: /usr/bin
PATH: /sbin
PATH: /bin
PATH: /usr/games
PATH: /opt/vagrant_ruby/bin


## ----------- ##
## Core tests. ##
## ----------- ##

configure:2521: creating cache ./config.cache
configure:2626: checking build system type
configure:2640: result: x86_64-unknown-linux-gnu
configure:2660: checking host system type
configure:2673: result: x86_64-unknown-linux-gnu
configure:2693: checking target system type
configure:2706: result: i686-pc-elf
configure:2741: checking for x86_64-unknown-linux-gnu-gcc
configure:2768: result: gcc
configure:3037: checking for C compiler version
configure:3046: gcc --version >&5
gcc (Ubuntu/Linaro 4.6.3-1ubuntu5) 4.6.3
Copyright (C) 2011 Free Software Foundation, Inc.
This is free software; see the source for copying conditions.  There is NO
warranty; not even for MERCHANTABILITY or FITNESS FOR A PARTICULAR PURPOSE.

configure:3057: $? = 0
configure:3046: gcc -v >&5
Using built-in specs.
COLLECT_GCC=gcc
COLLECT_LTO_WRAPPER=/usr/lib/gcc/x86_64-linux-gnu/4.6/lto-wrapper
Target: x86_64-linux-gnu
Configured with: ../src/configure -v --with-pkgversion='Ubuntu/Linaro 4.6.3-1ubuntu5' --with-bugurl=file:///usr/share/doc/gcc-4.6/README.Bugs --enable-languages=c,c++,fortran,objc,obj-c++ --prefix=/usr --program-suffix=-4.6 --enable-shared --enable-linker-build-id --with-system-zlib --libexecdir=/usr/lib --without-included-gettext --enable-threads=posix --with-gxx-include-dir=/usr/include/c++/4.6 --libdir=/usr/lib --enable-nls --with-sysroot=/ --enable-clocale=gnu --enable-libstdcxx-debug --enable-libstdcxx-time=yes --enable-gnu-unique-object --enable-plugin --enable-objc-gc --disable-werror --with-arch-32=i686 --with-tune=generic --enable-checking=release --build=x86_64-linux-gnu --host=x86_64-linux-gnu --target=x86_64-linux-gnu
Thread model: posix
gcc version 4.6.3 (Ubuntu/Linaro 4.6.3-1ubuntu5) 
configure:3057: $? = 0
configure:3046: gcc -V >&5
gcc: error: unrecognized option '-V'
gcc: fatal error: no input files
compilation terminated.
configure:3057: $? = 4
configure:3046: gcc -qversion >&5
gcc: error: unrecognized option '-qversion'
gcc: fatal error: no input files
compilation terminated.
configure:3057: $? = 4
configure:3077: checking for C compiler default output file name
configure:3099: gcc -g -O2    conftest.c  >&5
configure:3103: $? = 0
configure:3140: result: a.out
configure:3156: checking whether the C compiler works
configure:3165: ./a.out
configure:3169: $? = 0
configure:3184: result: yes
configure:3191: checking whether we are cross compiling
configure:3193: result: no
configure:3196: checking for suffix of executables
configure:3203: gcc -o conftest -g -O2    conftest.c  >&5
configure:3207: $? = 0
configure:3229: result: 
configure:3235: checking for suffix of object files
configure:3257: gcc -c -g -O2  conftest.c >&5
configure:3261: $? = 0
configure:3282: result: o
configure:3286: checking whether we are using the GNU C compiler
configure:3305: gcc -c -g -O2  conftest.c >&5
configure:3305: $? = 0
configure:3314: result: yes
configure:3323: checking whether gcc accepts -g
configure:3343: gcc -c -g  conftest.c >&5
configure:3343: $? = 0
configure:3384: result: yes
configure:3401: checking for gcc option to accept ISO C89
configure:3465: gcc  -c -g -O2  conftest.c >&5
configure:3465: $? = 0
configure:3478: result: none needed
configure:3499: checking for library containing strerror
configure:3530: gcc -o conftest -g -O2    conftest.c  >&5
configure:3530: $? = 0
configure:3547: result: none required
configure:3573: checking for a BSD-compatible install
configure:3641: result: /usr/bin/install -c
configure:3652: checking whether build environment is sane
configure:3702: result: yes
configure:3843: checking for a thread-safe mkdir -p
configure:3882: result: /bin/mkdir -p
configure:3895: checking for gawk
configure:3922: result: mawk
configure:3933: checking whether make sets $(MAKE)
configure:3955: result: yes
configure:3985: checking for style of include used by make
configure:4013: result: GNU
configure:4098: checking dependency style of gcc
configure:4208: result: gcc3
configure:4225: checking whether to enable maintainer-specific portions of Makefiles
configure:4234: result: no
configure:4377: checking how to run the C preprocessor
configure:4408: gcc -E  conftest.c
configure:4408: $? = 0
configure:4422: gcc -E  conftest.c
conftest.c:12:28: fatal error: ac_nonexistent.h: No such file or directory
compilation terminated.
configure:4422: $? = 1
configure: failed program was:
| /* confdefs.h */
| #define PACKAGE_NAME ""
| #define PACKAGE_TARNAME ""
| #define PACKAGE_VERSION ""
| #define PACKAGE_STRING ""
| #define PACKAGE_BUGREPORT ""
| #define PACKAGE_URL ""
| #define PACKAGE "ld"
| #define VERSION "2.22"
| #define GOT_HANDLING_DEFAULT GOT_HANDLING_TARGET_DEFAULT
| /* end confdefs.h.  */
| #include <ac_nonexistent.h>
configure:4447: result: gcc -E
configure:4467: gcc -E  conftest.c
configure:4467: $? = 0
configure:4481: gcc -E  conftest.c
conftest.c:12:28: fatal error: ac_nonexistent.h: No such file or directory
compilation terminated.
configure:4481: $? = 1
configure: failed program was:
| /* confdefs.h */
| #define PACKAGE_NAME ""
| #define PACKAGE_TARNAME ""
| #define PACKAGE_VERSION ""
| #define PACKAGE_STRING ""
| #define PACKAGE_BUGREPORT ""
| #define PACKAGE_URL ""
| #define PACKAGE "ld"
| #define VERSION "2.22"
| #define GOT_HANDLING_DEFAULT GOT_HANDLING_TARGET_DEFAULT
| /* end confdefs.h.  */
| #include <ac_nonexistent.h>
configure:4510: checking for grep that handles long lines and -e
configure:4568: result: /bin/grep
configure:4573: checking for egrep
configure:4635: result: /bin/grep -E
configure:4734: checking for x86_64-unknown-linux-gnu-gcc
configure:4761: result: gcc
configure:5030: checking for C compiler version
configure:5039: gcc --version >&5
gcc (Ubuntu/Linaro 4.6.3-1ubuntu5) 4.6.3
Copyright (C) 2011 Free Software Foundation, Inc.
This is free software; see the source for copying conditions.  There is NO
warranty; not even for MERCHANTABILITY or FITNESS FOR A PARTICULAR PURPOSE.

configure:5050: $? = 0
configure:5039: gcc -v >&5
Using built-in specs.
COLLECT_GCC=gcc
COLLECT_LTO_WRAPPER=/usr/lib/gcc/x86_64-linux-gnu/4.6/lto-wrapper
Target: x86_64-linux-gnu
Configured with: ../src/configure -v --with-pkgversion='Ubuntu/Linaro 4.6.3-1ubuntu5' --with-bugurl=file:///usr/share/doc/gcc-4.6/README.Bugs --enable-languages=c,c++,fortran,objc,obj-c++ --prefix=/usr --program-suffix=-4.6 --enable-shared --enable-linker-build-id --with-system-zlib --libexecdir=/usr/lib --without-included-gettext --enable-threads=posix --with-gxx-include-dir=/usr/include/c++/4.6 --libdir=/usr/lib --enable-nls --with-sysroot=/ --enable-clocale=gnu --enable-libstdcxx-debug --enable-libstdcxx-time=yes --enable-gnu-unique-object --enable-plugin --enable-objc-gc --disable-werror --with-arch-32=i686 --with-tune=generic --enable-checking=release --build=x86_64-linux-gnu --host=x86_64-linux-gnu --target=x86_64-linux-gnu
Thread model: posix
gcc version 4.6.3 (Ubuntu/Linaro 4.6.3-1ubuntu5) 
configure:5050: $? = 0
configure:5039: gcc -V >&5
gcc: error: unrecognized option '-V'
gcc: fatal error: no input files
compilation terminated.
configure:5050: $? = 4
configure:5039: gcc -qversion >&5
gcc: error: unrecognized option '-qversion'
gcc: fatal error: no input files
compilation terminated.
configure:5050: $? = 4
configure:5054: checking whether we are using the GNU C compiler
configure:5082: result: yes
configure:5091: checking whether gcc accepts -g
configure:5152: result: yes
configure:5169: checking for gcc option to accept ISO C89
configure:5246: result: none needed
configure:5378: checking for C++ compiler version
configure:5387: g++ --version >&5
g++ (Ubuntu/Linaro 4.6.3-1ubuntu5) 4.6.3
Copyright (C) 2011 Free Software Foundation, Inc.
This is free software; see the source for copying conditions.  There is NO
warranty; not even for MERCHANTABILITY or FITNESS FOR A PARTICULAR PURPOSE.

configure:5398: $? = 0
configure:5387: g++ -v >&5
Using built-in specs.
COLLECT_GCC=g++
COLLECT_LTO_WRAPPER=/usr/lib/gcc/x86_64-linux-gnu/4.6/lto-wrapper
Target: x86_64-linux-gnu
Configured with: ../src/configure -v --with-pkgversion='Ubuntu/Linaro 4.6.3-1ubuntu5' --with-bugurl=file:///usr/share/doc/gcc-4.6/README.Bugs --enable-languages=c,c++,fortran,objc,obj-c++ --prefix=/usr --program-suffix=-4.6 --enable-shared --enable-linker-build-id --with-system-zlib --libexecdir=/usr/lib --without-included-gettext --enable-threads=posix --with-gxx-include-dir=/usr/include/c++/4.6 --libdir=/usr/lib --enable-nls --with-sysroot=/ --enable-clocale=gnu --enable-libstdcxx-debug --enable-libstdcxx-time=yes --enable-gnu-unique-object --enable-plugin --enable-objc-gc --disable-werror --with-arch-32=i686 --with-tune=generic --enable-checking=release --build=x86_64-linux-gnu --host=x86_64-linux-gnu --target=x86_64-linux-gnu
Thread model: posix
gcc version 4.6.3 (Ubuntu/Linaro 4.6.3-1ubuntu5) 
configure:5398: $? = 0
configure:5387: g++ -V >&5
g++: error: unrecognized option '-V'
g++: fatal error: no input files
compilation terminated.
configure:5398: $? = 4
configure:5387: g++ -qversion >&5
g++: error: unrecognized option '-qversion'
g++: fatal error: no input files
compilation terminated.
configure:5398: $? = 4
configure:5402: checking whether we are using the GNU C++ compiler
configure:5421: g++ -c -g -O2  conftest.cpp >&5
configure:5421: $? = 0
configure:5430: result: yes
configure:5439: checking whether g++ accepts -g
configure:5459: g++ -c -g  conftest.cpp >&5
configure:5459: $? = 0
configure:5500: result: yes
configure:5525: checking dependency style of g++
configure:5635: result: gcc3
configure:5650: checking for ANSI C header files
configure:5670: gcc -c -g -O2  conftest.c >&5
configure:5670: $? = 0
configure:5743: gcc -o conftest -g -O2    conftest.c  >&5
configure:5743: $? = 0
configure:5743: ./conftest
configure:5743: $? = 0
configure:5754: result: yes
configure:5767: checking for sys/types.h
configure:5767: gcc -c -g -O2  conftest.c >&5
configure:5767: $? = 0
configure:5767: result: yes
configure:5767: checking for sys/stat.h
configure:5767: gcc -c -g -O2  conftest.c >&5
configure:5767: $? = 0
configure:5767: result: yes
configure:5767: checking for stdlib.h
configure:5767: gcc -c -g -O2  conftest.c >&5
configure:5767: $? = 0
configure:5767: result: yes
configure:5767: checking for string.h
configure:5767: gcc -c -g -O2  conftest.c >&5
configure:5767: $? = 0
configure:5767: result: yes
configure:5767: checking for memory.h
configure:5767: gcc -c -g -O2  conftest.c >&5
configure:5767: $? = 0
configure:5767: result: yes
configure:5767: checking for strings.h
configure:5767: gcc -c -g -O2  conftest.c >&5
configure:5767: $? = 0
configure:5767: result: yes
configure:5767: checking for inttypes.h
configure:5767: gcc -c -g -O2  conftest.c >&5
configure:5767: $? = 0
configure:5767: result: yes
configure:5767: checking for stdint.h
configure:5767: gcc -c -g -O2  conftest.c >&5
configure:5767: $? = 0
configure:5767: result: yes
configure:5767: checking for unistd.h
configure:5767: gcc -c -g -O2  conftest.c >&5
configure:5767: $? = 0
configure:5767: result: yes
configure:5781: checking minix/config.h usability
configure:5781: gcc -c -g -O2  conftest.c >&5
conftest.c:55:26: fatal error: minix/config.h: No such file or directory
compilation terminated.
configure:5781: $? = 1
configure: failed program was:
| /* confdefs.h */
| #define PACKAGE_NAME ""
| #define PACKAGE_TARNAME ""
| #define PACKAGE_VERSION ""
| #define PACKAGE_STRING ""
| #define PACKAGE_BUGREPORT ""
| #define PACKAGE_URL ""
| #define PACKAGE "ld"
| #define VERSION "2.22"
| #define GOT_HANDLING_DEFAULT GOT_HANDLING_TARGET_DEFAULT
| #define STDC_HEADERS 1
| #define HAVE_SYS_TYPES_H 1
| #define HAVE_SYS_STAT_H 1
| #define HAVE_STDLIB_H 1
| #define HAVE_STRING_H 1
| #define HAVE_MEMORY_H 1
| #define HAVE_STRINGS_H 1
| #define HAVE_INTTYPES_H 1
| #define HAVE_STDINT_H 1
| #define HAVE_UNISTD_H 1
| /* end confdefs.h.  */
| #include <stdio.h>
| #ifdef HAVE_SYS_TYPES_H
| # include <sys/types.h>
| #endif
| #ifdef HAVE_SYS_STAT_H
| # include <sys/stat.h>
| #endif
| #ifdef STDC_HEADERS
| # include <stdlib.h>
| # include <stddef.h>
| #else
| # ifdef HAVE_STDLIB_H
| #  include <stdlib.h>
| # endif
| #endif
| #ifdef HAVE_STRING_H
| # if !defined STDC_HEADERS && defined HAVE_MEMORY_H
| #  include <memory.h>
| # endif
| # include <string.h>
| #endif
| #ifdef HAVE_STRINGS_H
| # include <strings.h>
| #endif
| #ifdef HAVE_INTTYPES_H
| # include <inttypes.h>
| #endif
| #ifdef HAVE_STDINT_H
| # include <stdint.h>
| #endif
| #ifdef HAVE_UNISTD_H
| # include <unistd.h>
| #endif
| #include <minix/config.h>
configure:5781: result: no
configure:5781: checking minix/config.h presence
configure:5781: gcc -E  conftest.c
conftest.c:22:26: fatal error: minix/config.h: No such file or directory
compilation terminated.
configure:5781: $? = 1
configure: failed program was:
| /* confdefs.h */
| #define PACKAGE_NAME ""
| #define PACKAGE_TARNAME ""
| #define PACKAGE_VERSION ""
| #define PACKAGE_STRING ""
| #define PACKAGE_BUGREPORT ""
| #define PACKAGE_URL ""
| #define PACKAGE "ld"
| #define VERSION "2.22"
| #define GOT_HANDLING_DEFAULT GOT_HANDLING_TARGET_DEFAULT
| #define STDC_HEADERS 1
| #define HAVE_SYS_TYPES_H 1
| #define HAVE_SYS_STAT_H 1
| #define HAVE_STDLIB_H 1
| #define HAVE_STRING_H 1
| #define HAVE_MEMORY_H 1
| #define HAVE_STRINGS_H 1
| #define HAVE_INTTYPES_H 1
| #define HAVE_STDINT_H 1
| #define HAVE_UNISTD_H 1
| /* end confdefs.h.  */
| #include <minix/config.h>
configure:5781: result: no
configure:5781: checking for minix/config.h
configure:5781: result: no
configure:5802: checking whether it is safe to define __EXTENSIONS__
configure:5820: gcc -c -g -O2  conftest.c >&5
configure:5820: $? = 0
configure:5827: result: yes
configure:5886: checking for special C compiler options needed for large files
configure:5931: result: no
configure:5937: checking for _FILE_OFFSET_BITS value needed for large files
configure:5962: gcc -c -g -O2  conftest.c >&5
configure:5962: $? = 0
configure:5994: result: no
configure:6126: checking how to print strings
configure:6153: result: printf
configure:6174: checking for a sed that does not truncate output
configure:6238: result: /bin/sed
configure:6256: checking for fgrep
configure:6318: result: /bin/grep -F
configure:6353: checking for ld used by gcc
configure:6420: result: ld
configure:6427: checking if the linker (ld) is GNU ld
configure:6442: result: yes
configure:6454: checking for BSD- or MS-compatible name lister (nm)
configure:6503: result: nm
configure:6633: checking the name lister (nm) interface
configure:6640: gcc -c -g -O2  conftest.c >&5
configure:6643: nm "conftest.o"
configure:6646: output
0000000000000000 B some_variable
configure:6653: result: BSD nm
configure:6656: checking whether ln -s works
configure:6660: result: yes
configure:6668: checking the maximum length of command line arguments
configure:6793: result: 3458764513820540925
configure:6810: checking whether the shell understands some XSI constructs
configure:6820: result: yes
configure:6824: checking whether the shell understands "+="
configure:6830: result: yes
configure:6865: checking for ld option to reload object files
configure:6872: result: -r
configure:6901: checking for x86_64-unknown-linux-gnu-objdump
configure:6928: result: objdump
configure:7000: checking how to recognize dependent libraries
configure:7201: result: pass_all
configure:7221: checking for x86_64-unknown-linux-gnu-ar
configure:7248: result: ar
configure:7326: checking for x86_64-unknown-linux-gnu-strip
configure:7356: result: no
configure:7366: checking for strip
configure:7382: found /usr/bin/strip
configure:7393: result: strip
configure:7425: checking for x86_64-unknown-linux-gnu-ranlib
configure:7452: result: ranlib
configure:7594: checking command to parse nm output from gcc object
configure:7712: gcc -c -g -O2  conftest.c >&5
configure:7715: $? = 0
configure:7719: nm conftest.o \| sed -n -e 's/^.*[ ]\([ABCDGIRSTW][ABCDGIRSTW]*\)[ ][ ]*\([_A-Za-z][_A-Za-z0-9]*\)$/\1 \2 \2/p' \> conftest.nm
configure:7722: $? = 0
configure:7776: gcc -o conftest -g -O2    conftest.c conftstm.o >&5
configure:7779: $? = 0
configure:7817: result: ok
configure:7912: gcc -c -g -O2  conftest.c >&5
configure:7915: $? = 0
configure:8652: checking for dlfcn.h
configure:8652: gcc -c -g -O2  conftest.c >&5
configure:8652: $? = 0
configure:8652: result: yes
configure:8840: checking for objdir
configure:8855: result: .libs
configure:9126: checking if gcc supports -fno-rtti -fno-exceptions
configure:9144: gcc -c -g -O2  -fno-rtti -fno-exceptions conftest.c >&5
cc1: warning: command line option '-fno-rtti' is valid for C++/ObjC++ but not for C [enabled by default]
configure:9148: $? = 0
configure:9161: result: no
configure:9181: checking for gcc option to produce PIC
configure:9466: result: -fPIC -DPIC
configure:9478: checking if gcc PIC flag -fPIC -DPIC works
configure:9496: gcc -c -g -O2  -fPIC -DPIC -DPIC conftest.c >&5
configure:9500: $? = 0
configure:9513: result: yes
configure:9537: checking if gcc static flag -static works
configure:9565: result: yes
configure:9580: checking if gcc supports -c -o file.o
configure:9601: gcc -c -g -O2  -o out/conftest2.o conftest.c >&5
configure:9605: $? = 0
configure:9627: result: yes
configure:9635: checking if gcc supports -c -o file.o
configure:9682: result: yes
configure:9715: checking whether the gcc linker (ld -m elf_x86_64) supports shared libraries
configure:10786: result: yes
configure:10823: checking whether -lc should be explicitly linked in
configure:10831: gcc -c -g -O2  conftest.c >&5
configure:10834: $? = 0
configure:10849: gcc -shared conftest.o  -v -Wl,-soname -Wl,conftest -o conftest 2\>\&1 \| /bin/grep  -lc  \>/dev/null 2\>\&1
configure:10852: $? = 0
configure:10866: result: no
configure:11031: checking dynamic linker characteristics
configure:11482: gcc -o conftest -g -O2    -Wl,-rpath -Wl,/foo conftest.c  >&5
configure:11482: $? = 0
configure:11704: result: GNU/Linux ld.so
configure:11811: checking how to hardcode library paths into programs
configure:11836: result: immediate
configure:12376: checking whether stripping libraries is possible
configure:12381: result: yes
configure:12416: checking if libtool supports shared libraries
configure:12418: result: yes
configure:12421: checking whether to build shared libraries
configure:12442: result: yes
configure:12445: checking whether to build static libraries
configure:12449: result: yes
configure:12472: checking how to run the C++ preprocessor
configure:12499: g++ -E  conftest.cpp
configure:12499: $? = 0
configure:12513: g++ -E  conftest.cpp
conftest.cpp:29:28: fatal error: ac_nonexistent.h: No such file or directory
compilation terminated.
configure:12513: $? = 1
configure: failed program was:
| /* confdefs.h */
| #define PACKAGE_NAME ""
| #define PACKAGE_TARNAME ""
| #define PACKAGE_VERSION ""
| #define PACKAGE_STRING ""
| #define PACKAGE_BUGREPORT ""
| #define PACKAGE_URL ""
| #define PACKAGE "ld"
| #define VERSION "2.22"
| #define GOT_HANDLING_DEFAULT GOT_HANDLING_TARGET_DEFAULT
| #define STDC_HEADERS 1
| #define HAVE_SYS_TYPES_H 1
| #define HAVE_SYS_STAT_H 1
| #define HAVE_STDLIB_H 1
| #define HAVE_STRING_H 1
| #define HAVE_MEMORY_H 1
| #define HAVE_STRINGS_H 1
| #define HAVE_INTTYPES_H 1
| #define HAVE_STDINT_H 1
| #define HAVE_UNISTD_H 1
| #define __EXTENSIONS__ 1
| #define _ALL_SOURCE 1
| #define _GNU_SOURCE 1
| #define _POSIX_PTHREAD_SEMANTICS 1
| #define _TANDEM_SOURCE 1
| #define HAVE_DLFCN_H 1
| #define LT_OBJDIR ".libs/"
| /* end confdefs.h.  */
| #include <ac_nonexistent.h>
configure:12538: result: g++ -E
configure:12558: g++ -E  conftest.cpp
configure:12558: $? = 0
configure:12572: g++ -E  conftest.cpp
conftest.cpp:29:28: fatal error: ac_nonexistent.h: No such file or directory
compilation terminated.
configure:12572: $? = 1
configure: failed program was:
| /* confdefs.h */
| #define PACKAGE_NAME ""
| #define PACKAGE_TARNAME ""
| #define PACKAGE_VERSION ""
| #define PACKAGE_STRING ""
| #define PACKAGE_BUGREPORT ""
| #define PACKAGE_URL ""
| #define PACKAGE "ld"
| #define VERSION "2.22"
| #define GOT_HANDLING_DEFAULT GOT_HANDLING_TARGET_DEFAULT
| #define STDC_HEADERS 1
| #define HAVE_SYS_TYPES_H 1
| #define HAVE_SYS_STAT_H 1
| #define HAVE_STDLIB_H 1
| #define HAVE_STRING_H 1
| #define HAVE_MEMORY_H 1
| #define HAVE_STRINGS_H 1
| #define HAVE_INTTYPES_H 1
| #define HAVE_STDINT_H 1
| #define HAVE_UNISTD_H 1
| #define __EXTENSIONS__ 1
| #define _ALL_SOURCE 1
| #define _GNU_SOURCE 1
| #define _POSIX_PTHREAD_SEMANTICS 1
| #define _TANDEM_SOURCE 1
| #define HAVE_DLFCN_H 1
| #define LT_OBJDIR ".libs/"
| /* end confdefs.h.  */
| #include <ac_nonexistent.h>
configure:12740: checking for ld used by g++
configure:12807: result: ld -m elf_x86_64
configure:12814: checking if the linker (ld -m elf_x86_64) is GNU ld
configure:12829: result: yes
configure:12884: checking whether the g++ linker (ld -m elf_x86_64) supports shared libraries
configure:13816: result: yes
configure:13844: g++ -c -g -O2  conftest.cpp >&5
configure:13847: $? = 0
configure:14029: checking for g++ option to produce PIC
configure:14351: result: -fPIC -DPIC
configure:14360: checking if g++ PIC flag -fPIC -DPIC works
configure:14378: g++ -c -g -O2  -fPIC -DPIC -DPIC conftest.cpp >&5
configure:14382: $? = 0
configure:14395: result: yes
configure:14416: checking if g++ static flag -static works
configure:14444: result: yes
configure:14456: checking if g++ supports -c -o file.o
configure:14477: g++ -c -g -O2  -o out/conftest2.o conftest.cpp >&5
configure:14481: $? = 0
configure:14503: result: yes
configure:14508: checking if g++ supports -c -o file.o
configure:14555: result: yes
configure:14585: checking whether the g++ linker (ld -m elf_x86_64) supports shared libraries
configure:14613: result: yes
configure:14756: checking dynamic linker characteristics
configure:15363: result: GNU/Linux ld.so
configure:15416: checking how to hardcode library paths into programs
configure:15441: result: immediate
configure:15514: checking whether NLS is requested
configure:15517: result: no
configure:15585: checking whether NLS is requested
configure:15594: result: no
configure:15632: checking for msgfmt
configure:15666: result: no
configure:15672: checking for gmsgfmt
configure:15703: result: :
configure:15743: checking for xgettext
configure:15777: result: no
configure:15814: checking for msgmerge
configure:15847: result: no
configure:15886: checking for bison
configure:15913: result: /usr/local/src/binutils-2.22/missing bison -y
configure:15929: checking for flex
configure:15956: result: /usr/local/src/binutils-2.22/missing flex
configure:15993: /usr/local/src/binutils-2.22/missing flex conftest.l
WARNING: `flex' is missing on your system.  You should only need it if
         you modified a `.l' file.  You may need the `Flex' package
         in order for those modifications to take effect.  You can get
         `Flex' from any GNU archive site.
configure:15997: $? = 0
configure:15999: checking lex output file root
configure:16013: result: lex.yy
configure:16018: checking lex library
configure:16032: gcc -o conftest -g -O2    conftest.c   >&5
configure:16032: $? = 0
configure:16042: result: 
configure:16048: checking whether yytext is a pointer
configure:16064: gcc -o conftest -g -O2    conftest.c   >&5
configure:16064: $? = 0
configure:16072: result: yes
configure:16087: checking whether to enable maintainer-specific portions of Makefiles
configure:16096: result: no
configure:16117: checking how to compare bootstrapped objects
configure:16142: result: cmp --ignore-initial=16 $$f1 $$f2
configure:16158: checking for string.h
configure:16158: result: yes
configure:16158: checking for strings.h
configure:16158: result: yes
configure:16158: checking for stdlib.h
configure:16158: result: yes
configure:16158: checking for unistd.h
configure:16158: result: yes
configure:16158: checking elf-hints.h usability
configure:16158: gcc -c -g -O2  conftest.c >&5
conftest.c:67:23: fatal error: elf-hints.h: No such file or directory
compilation terminated.
configure:16158: $? = 1
configure: failed program was:
| /* confdefs.h */
| #define PACKAGE_NAME ""
| #define PACKAGE_TARNAME ""
| #define PACKAGE_VERSION ""
| #define PACKAGE_STRING ""
| #define PACKAGE_BUGREPORT ""
| #define PACKAGE_URL ""
| #define PACKAGE "ld"
| #define VERSION "2.22"
| #define GOT_HANDLING_DEFAULT GOT_HANDLING_TARGET_DEFAULT
| #define STDC_HEADERS 1
| #define HAVE_SYS_TYPES_H 1
| #define HAVE_SYS_STAT_H 1
| #define HAVE_STDLIB_H 1
| #define HAVE_STRING_H 1
| #define HAVE_MEMORY_H 1
| #define HAVE_STRINGS_H 1
| #define HAVE_INTTYPES_H 1
| #define HAVE_STDINT_H 1
| #define HAVE_UNISTD_H 1
| #define __EXTENSIONS__ 1
| #define _ALL_SOURCE 1
| #define _GNU_SOURCE 1
| #define _POSIX_PTHREAD_SEMANTICS 1
| #define _TANDEM_SOURCE 1
| #define HAVE_DLFCN_H 1
| #define LT_OBJDIR ".libs/"
| #define YYTEXT_POINTER 1
| #define HAVE_STRING_H 1
| #define HAVE_STRINGS_H 1
| #define HAVE_STDLIB_H 1
| #define HAVE_UNISTD_H 1
| /* end confdefs.h.  */
| #include <stdio.h>
| #ifdef HAVE_SYS_TYPES_H
| # include <sys/types.h>
| #endif
| #ifdef HAVE_SYS_STAT_H
| # include <sys/stat.h>
| #endif
| #ifdef STDC_HEADERS
| # include <stdlib.h>
| # include <stddef.h>
| #else
| # ifdef HAVE_STDLIB_H
| #  include <stdlib.h>
| # endif
| #endif
| #ifdef HAVE_STRING_H
| # if !defined STDC_HEADERS && defined HAVE_MEMORY_H
| #  include <memory.h>
| # endif
| # include <string.h>
| #endif
| #ifdef HAVE_STRINGS_H
| # include <strings.h>
| #endif
| #ifdef HAVE_INTTYPES_H
| # include <inttypes.h>
| #endif
| #ifdef HAVE_STDINT_H
| # include <stdint.h>
| #endif
| #ifdef HAVE_UNISTD_H
| # include <unistd.h>
| #endif
| #include <elf-hints.h>
configure:16158: result: no
configure:16158: checking elf-hints.h presence
configure:16158: gcc -E  conftest.c
conftest.c:34:23: fatal error: elf-hints.h: No such file or directory
compilation terminated.
configure:16158: $? = 1
configure: failed program was:
| /* confdefs.h */
| #define PACKAGE_NAME ""
| #define PACKAGE_TARNAME ""
| #define PACKAGE_VERSION ""
| #define PACKAGE_STRING ""
| #define PACKAGE_BUGREPORT ""
| #define PACKAGE_URL ""
| #define PACKAGE "ld"
| #define VERSION "2.22"
| #define GOT_HANDLING_DEFAULT GOT_HANDLING_TARGET_DEFAULT
| #define STDC_HEADERS 1
| #define HAVE_SYS_TYPES_H 1
| #define HAVE_SYS_STAT_H 1
| #define HAVE_STDLIB_H 1
| #define HAVE_STRING_H 1
| #define HAVE_MEMORY_H 1
| #define HAVE_STRINGS_H 1
| #define HAVE_INTTYPES_H 1
| #define HAVE_STDINT_H 1
| #define HAVE_UNISTD_H 1
| #define __EXTENSIONS__ 1
| #define _ALL_SOURCE 1
| #define _GNU_SOURCE 1
| #define _POSIX_PTHREAD_SEMANTICS 1
| #define _TANDEM_SOURCE 1
| #define HAVE_DLFCN_H 1
| #define LT_OBJDIR ".libs/"
| #define YYTEXT_POINTER 1
| #define HAVE_STRING_H 1
| #define HAVE_STRINGS_H 1
| #define HAVE_STDLIB_H 1
| #define HAVE_UNISTD_H 1
| /* end confdefs.h.  */
| #include <elf-hints.h>
configure:16158: result: no
configure:16158: checking for elf-hints.h
configure:16158: result: no
configure:16158: checking limits.h usability
configure:16158: gcc -c -g -O2  conftest.c >&5
configure:16158: $? = 0
configure:16158: result: yes
configure:16158: checking limits.h presence
configure:16158: gcc -E  conftest.c
configure:16158: $? = 0
configure:16158: result: yes
configure:16158: checking for limits.h
configure:16158: result: yes
configure:16158: checking sys/param.h usability
configure:16158: gcc -c -g -O2  conftest.c >&5
configure:16158: $? = 0
configure:16158: result: yes
configure:16158: checking sys/param.h presence
configure:16158: gcc -E  conftest.c
configure:16158: $? = 0
configure:16158: result: yes
configure:16158: checking for sys/param.h
configure:16158: result: yes
configure:16172: checking fcntl.h usability
configure:16172: gcc -c -g -O2  conftest.c >&5
configure:16172: $? = 0
configure:16172: result: yes
configure:16172: checking fcntl.h presence
configure:16172: gcc -E  conftest.c
configure:16172: $? = 0
configure:16172: result: yes
configure:16172: checking for fcntl.h
configure:16172: result: yes
configure:16172: checking sys/file.h usability
configure:16172: gcc -c -g -O2  conftest.c >&5
configure:16172: $? = 0
configure:16172: result: yes
configure:16172: checking sys/file.h presence
configure:16172: gcc -E  conftest.c
configure:16172: $? = 0
configure:16172: result: yes
configure:16172: checking for sys/file.h
configure:16172: result: yes
configure:16172: checking sys/time.h usability
configure:16172: gcc -c -g -O2  conftest.c >&5
configure:16172: $? = 0
configure:16172: result: yes
configure:16172: checking sys/time.h presence
configure:16172: gcc -E  conftest.c
configure:16172: $? = 0
configure:16172: result: yes
configure:16172: checking for sys/time.h
configure:16172: result: yes
configure:16172: checking for sys/stat.h
configure:16172: result: yes
configure:16186: checking for glob
configure:16186: gcc -o conftest -g -O2    conftest.c  >&5
configure:16186: $? = 0
configure:16186: result: yes
configure:16186: checking for mkstemp
configure:16186: gcc -o conftest -g -O2    conftest.c  >&5
configure:16186: $? = 0
configure:16186: result: yes
configure:16186: checking for realpath
configure:16186: gcc -o conftest -g -O2    conftest.c  >&5
configure:16186: $? = 0
configure:16186: result: yes
configure:16186: checking for sbrk
configure:16186: gcc -o conftest -g -O2    conftest.c  >&5
configure:16186: $? = 0
configure:16186: result: yes
configure:16186: checking for waitpid
configure:16186: gcc -o conftest -g -O2    conftest.c  >&5
configure:16186: $? = 0
configure:16186: result: yes
configure:16199: checking for open
configure:16199: gcc -o conftest -g -O2    conftest.c  >&5
configure:16199: $? = 0
configure:16199: result: yes
configure:16199: checking for lseek
configure:16199: gcc -o conftest -g -O2    conftest.c  >&5
configure:16199: $? = 0
configure:16199: result: yes
configure:16199: checking for close
configure:16199: gcc -o conftest -g -O2    conftest.c  >&5
configure:16199: $? = 0
configure:16199: result: yes
configure:16212: checking for dirent.h that defines DIR
configure:16231: gcc -c -g -O2  conftest.c >&5
configure:16231: $? = 0
configure:16239: result: yes
configure:16253: checking for library containing opendir
configure:16284: gcc -o conftest -g -O2    conftest.c  >&5
configure:16284: $? = 0
configure:16301: result: none required
configure:16371: checking for dlfcn.h
configure:16371: result: yes
configure:16380: checking for library containing dlopen
configure:16411: gcc -o conftest -g -O2    conftest.c  >&5
/tmp/ccjqmeVJ.o: In function `main':
/usr/local/src/build-binutils/ld/conftest.c:60: undefined reference to `dlopen'
collect2: ld returned 1 exit status
configure:16411: $? = 1
configure: failed program was:
| /* confdefs.h */
| #define PACKAGE_NAME ""
| #define PACKAGE_TARNAME ""
| #define PACKAGE_VERSION ""
| #define PACKAGE_STRING ""
| #define PACKAGE_BUGREPORT ""
| #define PACKAGE_URL ""
| #define PACKAGE "ld"
| #define VERSION "2.22"
| #define GOT_HANDLING_DEFAULT GOT_HANDLING_TARGET_DEFAULT
| #define STDC_HEADERS 1
| #define HAVE_SYS_TYPES_H 1
| #define HAVE_SYS_STAT_H 1
| #define HAVE_STDLIB_H 1
| #define HAVE_STRING_H 1
| #define HAVE_MEMORY_H 1
| #define HAVE_STRINGS_H 1
| #define HAVE_INTTYPES_H 1
| #define HAVE_STDINT_H 1
| #define HAVE_UNISTD_H 1
| #define __EXTENSIONS__ 1
| #define _ALL_SOURCE 1
| #define _GNU_SOURCE 1
| #define _POSIX_PTHREAD_SEMANTICS 1
| #define _TANDEM_SOURCE 1
| #define HAVE_DLFCN_H 1
| #define LT_OBJDIR ".libs/"
| #define YYTEXT_POINTER 1
| #define HAVE_STRING_H 1
| #define HAVE_STRINGS_H 1
| #define HAVE_STDLIB_H 1
| #define HAVE_UNISTD_H 1
| #define HAVE_LIMITS_H 1
| #define HAVE_SYS_PARAM_H 1
| #define HAVE_FCNTL_H 1
| #define HAVE_SYS_FILE_H 1
| #define HAVE_SYS_TIME_H 1
| #define HAVE_SYS_STAT_H 1
| #define HAVE_GLOB 1
| #define HAVE_MKSTEMP 1
| #define HAVE_REALPATH 1
| #define HAVE_SBRK 1
| #define HAVE_WAITPID 1
| #define HAVE_OPEN 1
| #define HAVE_LSEEK 1
| #define HAVE_CLOSE 1
| #define HAVE_DIRENT_H 1
| /* end confdefs.h.  */
| 
| /* Override any GCC internal prototype to avoid an error.
|    Use char because int might match the return type of a GCC
|    builtin and then its argument prototype would still apply.  */
| #ifdef __cplusplus
| extern "C"
| #endif
| char dlopen ();
| int
| main ()
| {
| return dlopen ();
|   ;
|   return 0;
| }
configure:16411: gcc -o conftest -g -O2    conftest.c -ldl   >&5
configure:16411: $? = 0
configure:16428: result: -ldl
configure:16441: checking for dlopen
configure:16441: gcc -o conftest -g -O2    conftest.c -ldl  >&5
configure:16441: $? = 0
configure:16441: result: yes
configure:16441: checking for dlsym
configure:16441: gcc -o conftest -g -O2    conftest.c -ldl  >&5
configure:16441: $? = 0
configure:16441: result: yes
configure:16441: checking for dlclose
configure:16441: gcc -o conftest -g -O2    conftest.c -ldl  >&5
configure:16441: $? = 0
configure:16441: result: yes
configure:16483: checking for .preinit_array/.init_array/.fini_array support
configure:16513: result: no
configure:16526: checking for a known getopt prototype in unistd.h
configure:16542: gcc -c -g -O2  conftest.c >&5
configure:16542: $? = 0
configure:16550: result: yes
configure:16566: checking whether strstr is declared
configure:16566: gcc -c -g -O2  conftest.c >&5
configure:16566: $? = 0
configure:16566: result: yes
configure:16576: checking whether free is declared
configure:16576: gcc -c -g -O2  conftest.c >&5
configure:16576: $? = 0
configure:16576: result: yes
configure:16586: checking whether sbrk is declared
configure:16586: gcc -c -g -O2  conftest.c >&5
configure:16586: $? = 0
configure:16586: result: yes
configure:16596: checking whether getenv is declared
configure:16596: gcc -c -g -O2  conftest.c >&5
configure:16596: $? = 0
configure:16596: result: yes
configure:16606: checking whether environ is declared
configure:16606: gcc -c -g -O2  conftest.c >&5
configure:16606: $? = 0
configure:16606: result: yes
configure:16620: checking for library containing zlibVersion
configure:16651: gcc -o conftest -g -O2    conftest.c -ldl  >&5
/tmp/ccW4DC7V.o: In function `main':
/usr/local/src/build-binutils/ld/conftest.c:69: undefined reference to `zlibVersion'
collect2: ld returned 1 exit status
configure:16651: $? = 1
configure: failed program was:
| /* confdefs.h */
| #define PACKAGE_NAME ""
| #define PACKAGE_TARNAME ""
| #define PACKAGE_VERSION ""
| #define PACKAGE_STRING ""
| #define PACKAGE_BUGREPORT ""
| #define PACKAGE_URL ""
| #define PACKAGE "ld"
| #define VERSION "2.22"
| #define GOT_HANDLING_DEFAULT GOT_HANDLING_TARGET_DEFAULT
| #define STDC_HEADERS 1
| #define HAVE_SYS_TYPES_H 1
| #define HAVE_SYS_STAT_H 1
| #define HAVE_STDLIB_H 1
| #define HAVE_STRING_H 1
| #define HAVE_MEMORY_H 1
| #define HAVE_STRINGS_H 1
| #define HAVE_INTTYPES_H 1
| #define HAVE_STDINT_H 1
| #define HAVE_UNISTD_H 1
| #define __EXTENSIONS__ 1
| #define _ALL_SOURCE 1
| #define _GNU_SOURCE 1
| #define _POSIX_PTHREAD_SEMANTICS 1
| #define _TANDEM_SOURCE 1
| #define HAVE_DLFCN_H 1
| #define LT_OBJDIR ".libs/"
| #define YYTEXT_POINTER 1
| #define HAVE_STRING_H 1
| #define HAVE_STRINGS_H 1
| #define HAVE_STDLIB_H 1
| #define HAVE_UNISTD_H 1
| #define HAVE_LIMITS_H 1
| #define HAVE_SYS_PARAM_H 1
| #define HAVE_FCNTL_H 1
| #define HAVE_SYS_FILE_H 1
| #define HAVE_SYS_TIME_H 1
| #define HAVE_SYS_STAT_H 1
| #define HAVE_GLOB 1
| #define HAVE_MKSTEMP 1
| #define HAVE_REALPATH 1
| #define HAVE_SBRK 1
| #define HAVE_WAITPID 1
| #define HAVE_OPEN 1
| #define HAVE_LSEEK 1
| #define HAVE_CLOSE 1
| #define HAVE_DIRENT_H 1
| #define HAVE_DLOPEN 1
| #define HAVE_DLSYM 1
| #define HAVE_DLCLOSE 1
| #define HAVE_DECL_GETOPT 1
| #define HAVE_DECL_STRSTR 1
| #define HAVE_DECL_FREE 1
| #define HAVE_DECL_SBRK 1
| #define HAVE_DECL_GETENV 1
| #define HAVE_DECL_ENVIRON 1
| /* end confdefs.h.  */
| 
| /* Override any GCC internal prototype to avoid an error.
|    Use char because int might match the return type of a GCC
|    builtin and then its argument prototype would still apply.  */
| #ifdef __cplusplus
| extern "C"
| #endif
| char zlibVersion ();
| int
| main ()
| {
| return zlibVersion ();
|   ;
|   return 0;
| }
configure:16651: gcc -o conftest -g -O2    conftest.c -lz  -ldl  >&5
configure:16651: $? = 0
configure:16668: result: -lz
configure:16675: checking zlib.h usability
configure:16675: gcc -c -g -O2  conftest.c >&5
configure:16675: $? = 0
configure:16675: result: yes
configure:16675: checking zlib.h presence
configure:16675: gcc -E  conftest.c
configure:16675: $? = 0
configure:16675: result: yes
configure:16675: checking for zlib.h
configure:16675: result: yes
configure:16694: checking whether ANSI C string concatenation works
configure:16710: gcc -c -g -O2  conftest.c >&5
configure:16710: $? = 0
configure:16718: result: yes
configure:16960: updating cache ./config.cache
configure:17033: creating ./config.status

## ---------------------- ##
## Running config.status. ##
## ---------------------- ##

This file was extended by config.status, which was
generated by GNU Autoconf 2.64.  Invocation command line was

  CONFIG_FILES    = 
  CONFIG_HEADERS  = 
  CONFIG_LINKS    = 
  CONFIG_COMMANDS = 
  $ ./config.status 

on precise64

config.status:1254: creating Makefile
config.status:1254: creating po/Makefile.in
config.status:1254: creating config.h
config.status:1472: executing depfiles commands
config.status:1472: executing libtool commands
config.status:1472: executing default-1 commands

## ---------------- ##
## Cache variables. ##
## ---------------- ##

ac_cv_build=x86_64-unknown-linux-gnu
ac_cv_c_compiler_gnu=yes
ac_cv_cxx_compiler_gnu=yes
ac_cv_env_CCC_set=
ac_cv_env_CCC_value=
ac_cv_env_CC_set=set
ac_cv_env_CC_value=gcc
ac_cv_env_CFLAGS_set=set
ac_cv_env_CFLAGS_value='-g -O2'
ac_cv_env_CPPFLAGS_set=
ac_cv_env_CPPFLAGS_value=
ac_cv_env_CPP_set=
ac_cv_env_CPP_value=
ac_cv_env_CXXCPP_set=
ac_cv_env_CXXCPP_value=
ac_cv_env_CXXFLAGS_set=set
ac_cv_env_CXXFLAGS_value='-g -O2'
ac_cv_env_CXX_set=set
ac_cv_env_CXX_value=g++
ac_cv_env_LDFLAGS_set=set
ac_cv_env_LDFLAGS_value=' '
ac_cv_env_LIBS_set=
ac_cv_env_LIBS_value=
ac_cv_env_YACC_set=set
ac_cv_env_YACC_value='/usr/local/src/binutils-2.22/missing bison -y'
ac_cv_env_YFLAGS_set=
ac_cv_env_YFLAGS_value=
ac_cv_env_build_alias_set=set
ac_cv_env_build_alias_value=x86_64-unknown-linux-gnu
ac_cv_env_host_alias_set=set
ac_cv_env_host_alias_value=x86_64-unknown-linux-gnu
ac_cv_env_target_alias_set=set
ac_cv_env_target_alias_value=i686-elf
ac_cv_func_close=yes
ac_cv_func_dlclose=yes
ac_cv_func_dlopen=yes
ac_cv_func_dlsym=yes
ac_cv_func_glob=yes
ac_cv_func_lseek=yes
ac_cv_func_mkstemp=yes
ac_cv_func_open=yes
ac_cv_func_realpath=yes
ac_cv_func_sbrk=yes
ac_cv_func_waitpid=yes
ac_cv_have_decl_environ=yes
ac_cv_have_decl_free=yes
ac_cv_have_decl_getenv=yes
ac_cv_have_decl_sbrk=yes
ac_cv_have_decl_strstr=yes
ac_cv_header_dirent_dirent_h=yes
ac_cv_header_dlfcn_h=yes
ac_cv_header_elf_hints_h=no
ac_cv_header_fcntl_h=yes
ac_cv_header_inttypes_h=yes
ac_cv_header_limits_h=yes
ac_cv_header_memory_h=yes
ac_cv_header_minix_config_h=no
ac_cv_header_stdc=yes
ac_cv_header_stdint_h=yes
ac_cv_header_stdlib_h=yes
ac_cv_header_string_h=yes
ac_cv_header_strings_h=yes
ac_cv_header_sys_file_h=yes
ac_cv_header_sys_param_h=yes
ac_cv_header_sys_stat_h=yes
ac_cv_header_sys_time_h=yes
ac_cv_header_sys_types_h=yes
ac_cv_header_unistd_h=yes
ac_cv_header_zlib_h=yes
ac_cv_host=x86_64-unknown-linux-gnu
ac_cv_lib_lex=
ac_cv_objext=o
ac_cv_path_EGREP='/bin/grep -E'
ac_cv_path_FGREP='/bin/grep -F'
ac_cv_path_GMSGFMT=:
ac_cv_path_GREP=/bin/grep
ac_cv_path_MSGFMT=:
ac_cv_path_MSGMERGE=:
ac_cv_path_SED=/bin/sed
ac_cv_path_XGETTEXT=:
ac_cv_path_mkdir=/bin/mkdir
ac_cv_prog_AR=ar
ac_cv_prog_AWK=mawk
ac_cv_prog_CC=gcc
ac_cv_prog_CPP='gcc -E'
ac_cv_prog_CXXCPP='g++ -E'
ac_cv_prog_LEX='/usr/local/src/binutils-2.22/missing flex'
ac_cv_prog_OBJDUMP=objdump
ac_cv_prog_RANLIB=ranlib
ac_cv_prog_YACC='/usr/local/src/binutils-2.22/missing bison -y'
ac_cv_prog_ac_ct_STRIP=strip
ac_cv_prog_cc_c89=
ac_cv_prog_cc_g=yes
ac_cv_prog_cxx_g=yes
ac_cv_prog_lex_root=lex.yy
ac_cv_prog_lex_yytext_pointer=yes
ac_cv_prog_make_make_set=yes
ac_cv_safe_to_define___extensions__=yes
ac_cv_search_dlopen=-ldl
ac_cv_search_opendir='none required'
ac_cv_search_strerror='none required'
ac_cv_search_zlibVersion=-lz
ac_cv_sys_file_offset_bits=no
ac_cv_sys_largefile_CC=no
ac_cv_target=i686-pc-elf
am_cv_CC_dependencies_compiler_type=gcc3
am_cv_CXX_dependencies_compiler_type=gcc3
gcc_cv_initfini_array=no
gcc_cv_prog_cmp_skip='cmp --ignore-initial=16 $$f1 $$f2'
ld_cv_decl_getopt_unistd_h=yes
ld_cv_string_concatenation=yes
lt_cv_archive_cmds_need_lc=no
lt_cv_deplibs_check_method=pass_all
lt_cv_file_magic_cmd='$MAGIC_CMD'
lt_cv_file_magic_test_file=
lt_cv_ld_reload_flag=-r
lt_cv_nm_interface='BSD nm'
lt_cv_objdir=.libs
lt_cv_path_LD=ld
lt_cv_path_LDCXX='ld -m elf_x86_64'
lt_cv_path_NM=nm
lt_cv_prog_compiler_c_o=yes
lt_cv_prog_compiler_c_o_CXX=yes
lt_cv_prog_compiler_pic_works=yes
lt_cv_prog_compiler_pic_works_CXX=yes
lt_cv_prog_compiler_rtti_exceptions=no
lt_cv_prog_compiler_static_works=yes
lt_cv_prog_compiler_static_works_CXX=yes
lt_cv_prog_gnu_ld=yes
lt_cv_prog_gnu_ldcxx=yes
lt_cv_shlibpath_overrides_runpath=no
lt_cv_sys_global_symbol_pipe='sed -n -e '\''s/^.*[	 ]\([ABCDGIRSTW][ABCDGIRSTW]*\)[	 ][	 ]*\([_A-Za-z][_A-Za-z0-9]*\)$/\1 \2 \2/p'\'''
lt_cv_sys_global_symbol_to_c_name_address='sed -n -e '\''s/^: \([^ ]*\) $/  {\"\1\", (void *) 0},/p'\'' -e '\''s/^[ABCDGIRSTW]* \([^ ]*\) \([^ ]*\)$/  {"\2", (void *) \&\2},/p'\'''
lt_cv_sys_global_symbol_to_c_name_address_lib_prefix='sed -n -e '\''s/^: \([^ ]*\) $/  {\"\1\", (void *) 0},/p'\'' -e '\''s/^[ABCDGIRSTW]* \([^ ]*\) \(lib[^ ]*\)$/  {"\2", (void *) \&\2},/p'\'' -e '\''s/^[ABCDGIRSTW]* \([^ ]*\) \([^ ]*\)$/  {"lib\2", (void *) \&\2},/p'\'''
lt_cv_sys_global_symbol_to_cdecl='sed -n -e '\''s/^T .* \(.*\)$/extern int \1();/p'\'' -e '\''s/^[ABCDGIRSTW]* .* \(.*\)$/extern char \1;/p'\'''
lt_cv_sys_max_cmd_len=3458764513820540925

## ----------------- ##
## Output variables. ##
## ----------------- ##

ACLOCAL='${SHELL} /usr/local/src/binutils-2.22/missing --run aclocal-1.11'
AMDEPBACKSLASH='\'
AMDEP_FALSE='#'
AMDEP_TRUE=''
AMTAR='${SHELL} /usr/local/src/binutils-2.22/missing --run tar'
AR='ar'
AUTOCONF='${SHELL} /usr/local/src/binutils-2.22/missing --run autoconf'
AUTOHEADER='${SHELL} /usr/local/src/binutils-2.22/missing --run autoheader'
AUTOMAKE='${SHELL} /usr/local/src/binutils-2.22/missing --run automake-1.11'
AWK='mawk'
CATALOGS=''
CATOBJEXT=''
CC='gcc'
CCDEPMODE='depmode=gcc3'
CFLAGS='-g -O2'
CPP='gcc -E'
CPPFLAGS=''
CXX='g++'
CXXCPP='g++ -E'
CXXDEPMODE='depmode=gcc3'
CXXFLAGS='-g -O2'
CYGPATH_W='echo'
DATADIRNAME=''
DEFS='-DHAVE_CONFIG_H'
DEPDIR='.deps'
DSYMUTIL=''
DUMPBIN=''
ECHO_C=''
ECHO_N='-n'
ECHO_T=''
EGREP='/bin/grep -E'
EMUL='elf_i386'
EMULATION_LIBPATH='elf_i386'
EMULATION_OFILES=' eelf_i386.o'
EMUL_EXTRA_OFILES=''
ENABLE_PLUGINS_FALSE='#'
ENABLE_PLUGINS_TRUE=''
EXEEXT=''
FGREP='/bin/grep -F'
GENCAT=''
GENINSRC_NEVER_FALSE=''
GENINSRC_NEVER_TRUE='#'
GMSGFMT=':'
GREP='/bin/grep'
HDEFINES=''
HOSTING_CRT0='-dynamic-linker `${CC} --help --verbose 2>&1 | egrep "ld[^ ]*\.so" | sed -e "s,.*-dynamic-linker[ 	][ 	]*\(.*/ld[^ ]*\.so..\).*,\1,"` `${CC} --print-file-name=crt1.o` `${CC} --print-file-name=crti.o` `if [ -f ../gcc/crtbegin.o ]; then echo ../gcc/crtbegin.o; else ${CC} --print-file-name=crtbegin.o; fi`'
HOSTING_LIBS='-L`dirname \`${CC} --print-file-name=libc.so\`` `if [ -f ../gcc/libgcc.a ]; then libgcc=../gcc/libgcc.a; else libgcc=\`${CC} -print-libgcc-file-name\`; fi; if [ -f ../gcc/libgcc_eh.a ]; then libgcc="$$libgcc ../gcc/libgcc_eh.a"; else libgcc_eh=\`${CC} -print-file-name=libgcc_eh.a\`; if [ x"$$libgcc_eh" != xlibgcc_eh.a ]; then libgcc="$$libgcc $$libgcc_eh"; fi; fi; if [ -f ../gcc/libunwind.a ]; then libgcc="$$libgcc ../gcc/libunwind.a"; else libunwind=\`${CC} -print-file-name=libunwind.a\`; if [ x"$$libunwind" != xlibunwind.a ]; then libgcc="$$libgcc $$libunwind"; fi; fi; echo --start-group $$libgcc -lc --end-group` `if [ -f ../gcc/crtend.o ]; then echo ../gcc/crtend.o; else ${CC} --print-file-name=crtend.o; fi` `${CC} --print-file-name=crtn.o`'
INCINTL=''
INSTALL_DATA='/usr/bin/install -c -m 644'
INSTALL_PROGRAM='/usr/bin/install -c'
INSTALL_SCRIPT='/usr/bin/install -c'
INSTALL_STRIP_PROGRAM='$(install_sh) -c -s'
INSTOBJEXT=''
LD='ld -m elf_x86_64'
LDFLAGS=' '
LEX='/usr/local/src/binutils-2.22/missing flex'
LEXLIB=''
LEX_OUTPUT_ROOT='lex.yy'
LIBINTL=''
LIBINTL_DEP=''
LIBOBJS=''
LIBS='-lz -ldl '
LIBTOOL='$(SHELL) $(top_builddir)/libtool'
LIB_PATH=''
LIPO=''
LN_S='ln -s'
LTLIBOBJS=''
MAINT='#'
MAINTAINER_MODE_FALSE=''
MAINTAINER_MODE_TRUE='#'
MAKEINFO='/usr/local/src/binutils-2.22/missing makeinfo --split-size=5000000'
MKDIR_P='/bin/mkdir -p'
MKINSTALLDIRS='$(top_builddir)/../../binutils-2.22/ld/../mkinstalldirs'
MSGFMT=':'
MSGMERGE=':'
NATIVE_LIB_DIRS='/usr/local/lib /lib /usr/lib'
NM='nm'
NMEDIT=''
NO_WERROR=''
OBJDUMP='objdump'
OBJEXT='o'
OTOOL64=''
OTOOL=''
PACKAGE='ld'
PACKAGE_BUGREPORT=''
PACKAGE_NAME=''
PACKAGE_STRING=''
PACKAGE_TARNAME=''
PACKAGE_URL=''
PACKAGE_VERSION=''
PATH_SEPARATOR=':'
POSUB=''
RANLIB='ranlib'
SED='/bin/sed'
SET_MAKE=''
SHELL='/bin/bash'
STRINGIFY='astring.sed'
STRIP='strip'
TARGET_SYSTEM_ROOT=''
TARGET_SYSTEM_ROOT_DEFINE='-DTARGET_SYSTEM_ROOT=\"\"'
TESTBFDLIB='../bfd/.libs/libbfd.a'
USE_NLS='no'
VERSION='2.22'
WARN_CFLAGS='-W -Wall -Wstrict-prototypes -Wmissing-prototypes -Wshadow'
XGETTEXT=':'
YACC='/usr/local/src/binutils-2.22/missing bison -y'
YFLAGS=''
ac_ct_CC=''
ac_ct_CXX=''
ac_ct_DUMPBIN=''
am__EXEEXT_FALSE=''
am__EXEEXT_TRUE='#'
am__fastdepCC_FALSE='#'
am__fastdepCC_TRUE=''
am__fastdepCXX_FALSE='#'
am__fastdepCXX_TRUE=''
am__include='include'
am__isrc=' -I$(srcdir)'
am__leading_dot='.'
am__quote=''
am__tar='${AMTAR} chof - "$$tardir"'
am__untar='${AMTAR} xf -'
bindir='${exec_prefix}/bin'
build='x86_64-unknown-linux-gnu'
build_alias='x86_64-unknown-linux-gnu'
build_cpu='x86_64'
build_os='linux-gnu'
build_vendor='unknown'
datadir='${datarootdir}'
datarootdir='${prefix}/share'
do_compare='cmp --ignore-initial=16 $$f1 $$f2'
docdir='${datarootdir}/doc/${PACKAGE}'
dvidir='${docdir}'
enable_initfini_array='no'
exec_prefix='${prefix}'
host='x86_64-unknown-linux-gnu'
host_alias='x86_64-unknown-linux-gnu'
host_cpu='x86_64'
host_os='linux-gnu'
host_vendor='unknown'
htmldir='${docdir}'
includedir='${prefix}/include'
infodir='${datarootdir}/info'
install_as_default='yes'
install_sh='${SHELL} /usr/local/src/binutils-2.22/install-sh'
installed_linker='ld.bfd'
libdir='${exec_prefix}/lib'
libexecdir='${exec_prefix}/libexec'
localedir='${datarootdir}/locale'
localstatedir='${prefix}/var'
mandir='${datarootdir}/man'
mkdir_p='/bin/mkdir -p'
oldincludedir='/usr/include'
pdfdir='${docdir}'
prefix='/usr/local/src/cross'
program_transform_name='s&^&i686-elf-&'
psdir='${docdir}'
sbindir='${exec_prefix}/sbin'
sharedstatedir='${prefix}/com'
sysconfdir='${prefix}/etc'
target='i686-pc-elf'
target_alias='i686-elf'
target_cpu='i686'
target_os='elf'
target_vendor='pc'
use_sysroot='no'

## ------------------- ##
## File substitutions. ##
## ------------------- ##

TDIRS='tdirs'

## ----------- ##
## confdefs.h. ##
## ----------- ##

/* confdefs.h */
#define PACKAGE_NAME ""
#define PACKAGE_TARNAME ""
#define PACKAGE_VERSION ""
#define PACKAGE_STRING ""
#define PACKAGE_BUGREPORT ""
#define PACKAGE_URL ""
#define PACKAGE "ld"
#define VERSION "2.22"
#define GOT_HANDLING_DEFAULT GOT_HANDLING_TARGET_DEFAULT
#define STDC_HEADERS 1
#define HAVE_SYS_TYPES_H 1
#define HAVE_SYS_STAT_H 1
#define HAVE_STDLIB_H 1
#define HAVE_STRING_H 1
#define HAVE_MEMORY_H 1
#define HAVE_STRINGS_H 1
#define HAVE_INTTYPES_H 1
#define HAVE_STDINT_H 1
#define HAVE_UNISTD_H 1
#define __EXTENSIONS__ 1
#define _ALL_SOURCE 1
#define _GNU_SOURCE 1
#define _POSIX_PTHREAD_SEMANTICS 1
#define _TANDEM_SOURCE 1
#define HAVE_DLFCN_H 1
#define LT_OBJDIR ".libs/"
#define YYTEXT_POINTER 1
#define HAVE_STRING_H 1
#define HAVE_STRINGS_H 1
#define HAVE_STDLIB_H 1
#define HAVE_UNISTD_H 1
#define HAVE_LIMITS_H 1
#define HAVE_SYS_PARAM_H 1
#define HAVE_FCNTL_H 1
#define HAVE_SYS_FILE_H 1
#define HAVE_SYS_TIME_H 1
#define HAVE_SYS_STAT_H 1
#define HAVE_GLOB 1
#define HAVE_MKSTEMP 1
#define HAVE_REALPATH 1
#define HAVE_SBRK 1
#define HAVE_WAITPID 1
#define HAVE_OPEN 1
#define HAVE_LSEEK 1
#define HAVE_CLOSE 1
#define HAVE_DIRENT_H 1
#define HAVE_DLOPEN 1
#define HAVE_DLSYM 1
#define HAVE_DLCLOSE 1
#define HAVE_DECL_GETOPT 1
#define HAVE_DECL_STRSTR 1
#define HAVE_DECL_FREE 1
#define HAVE_DECL_SBRK 1
#define HAVE_DECL_GETENV 1
#define HAVE_DECL_ENVIRON 1
#define HAVE_ZLIB_H 1

configure: exit 0
