This file contains any messages produced by compilers while
running configure, to aid debugging if configure makes a mistake.

It was created by configure, which was
generated by GNU Autoconf 2.64.  Invocation command line was

  $ /usr/local/src/binutils-2.22/binutils/configure --cache-file=./config.cache --with-gnu-as --with-gnu-ld --with-system-zlib --prefix=/usr/local/src/cross --disable-nls --disable-werror --program-transform-name=s&^&i686-elf-& --disable-option-checking --build=x86_64-unknown-linux-gnu --host=x86_64-unknown-linux-gnu --target=i686-elf --srcdir=../../binutils-2.22/binutils

## --------- ##
## Platform. ##
## --------- ##

hostname = precise64
uname -m = x86_64
uname -r = 3.2.0-23-generic
uname -s = Linux
uname -v = #36-Ubuntu SMP Tue Apr 10 20:39:51 UTC 2012

/usr/bin/uname -p = unknown
/bin/uname -X     = unknown

/bin/arch              = unknown
/usr/bin/arch -k       = unknown
/usr/convex/getsysinfo = unknown
/usr/bin/hostinfo      = unknown
/bin/machine           = unknown
/usr/bin/oslevel       = unknown
/bin/universe          = unknown

PATH: /usr/local/src/cross/bin
PATH: /usr/local/sbin
PATH: /usr/local/bin
PATH: /usr/sbin
PATH: /usr/bin
PATH: /sbin
PATH: /bin
PATH: /usr/games
PATH: /opt/vagrant_ruby/bin


## ----------- ##
## Core tests. ##
## ----------- ##

configure:2202: creating cache ./config.cache
configure:2307: checking build system type
configure:2321: result: x86_64-unknown-linux-gnu
configure:2341: checking host system type
configure:2354: result: x86_64-unknown-linux-gnu
configure:2374: checking target system type
configure:2387: result: i686-pc-elf
configure:2421: checking for x86_64-unknown-linux-gnu-gcc
configure:2448: result: gcc
configure:2717: checking for C compiler version
configure:2726: gcc --version >&5
gcc (Ubuntu/Linaro 4.6.3-1ubuntu5) 4.6.3
Copyright (C) 2011 Free Software Foundation, Inc.
This is free software; see the source for copying conditions.  There is NO
warranty; not even for MERCHANTABILITY or FITNESS FOR A PARTICULAR PURPOSE.

configure:2737: $? = 0
configure:2726: gcc -v >&5
Using built-in specs.
COLLECT_GCC=gcc
COLLECT_LTO_WRAPPER=/usr/lib/gcc/x86_64-linux-gnu/4.6/lto-wrapper
Target: x86_64-linux-gnu
Configured with: ../src/configure -v --with-pkgversion='Ubuntu/Linaro 4.6.3-1ubuntu5' --with-bugurl=file:///usr/share/doc/gcc-4.6/README.Bugs --enable-languages=c,c++,fortran,objc,obj-c++ --prefix=/usr --program-suffix=-4.6 --enable-shared --enable-linker-build-id --with-system-zlib --libexecdir=/usr/lib --without-included-gettext --enable-threads=posix --with-gxx-include-dir=/usr/include/c++/4.6 --libdir=/usr/lib --enable-nls --with-sysroot=/ --enable-clocale=gnu --enable-libstdcxx-debug --enable-libstdcxx-time=yes --enable-gnu-unique-object --enable-plugin --enable-objc-gc --disable-werror --with-arch-32=i686 --with-tune=generic --enable-checking=release --build=x86_64-linux-gnu --host=x86_64-linux-gnu --target=x86_64-linux-gnu
Thread model: posix
gcc version 4.6.3 (Ubuntu/Linaro 4.6.3-1ubuntu5) 
configure:2737: $? = 0
configure:2726: gcc -V >&5
gcc: error: unrecognized option '-V'
gcc: fatal error: no input files
compilation terminated.
configure:2737: $? = 4
configure:2726: gcc -qversion >&5
gcc: error: unrecognized option '-qversion'
gcc: fatal error: no input files
compilation terminated.
configure:2737: $? = 4
configure:2757: checking for C compiler default output file name
configure:2779: gcc -g -O2    conftest.c  >&5
configure:2783: $? = 0
configure:2820: result: a.out
configure:2836: checking whether the C compiler works
configure:2845: ./a.out
configure:2849: $? = 0
configure:2864: result: yes
configure:2871: checking whether we are cross compiling
configure:2873: result: no
configure:2876: checking for suffix of executables
configure:2883: gcc -o conftest -g -O2    conftest.c  >&5
configure:2887: $? = 0
configure:2909: result: 
configure:2915: checking for suffix of object files
configure:2937: gcc -c -g -O2  conftest.c >&5
configure:2941: $? = 0
configure:2962: result: o
configure:2966: checking whether we are using the GNU C compiler
configure:2985: gcc -c -g -O2  conftest.c >&5
configure:2985: $? = 0
configure:2994: result: yes
configure:3003: checking whether gcc accepts -g
configure:3023: gcc -c -g  conftest.c >&5
configure:3023: $? = 0
configure:3064: result: yes
configure:3081: checking for gcc option to accept ISO C89
configure:3145: gcc  -c -g -O2  conftest.c >&5
configure:3145: $? = 0
configure:3158: result: none needed
configure:3179: checking for library containing strerror
configure:3210: gcc -o conftest -g -O2    conftest.c  >&5
configure:3210: $? = 0
configure:3227: result: none required
configure:3253: checking for a BSD-compatible install
configure:3321: result: /usr/bin/install -c
configure:3332: checking whether build environment is sane
configure:3382: result: yes
configure:3523: checking for a thread-safe mkdir -p
configure:3562: result: /bin/mkdir -p
configure:3575: checking for gawk
configure:3602: result: mawk
configure:3613: checking whether make sets $(MAKE)
configure:3635: result: yes
configure:3665: checking for style of include used by make
configure:3693: result: GNU
configure:3778: checking dependency style of gcc
configure:3888: result: gcc3
configure:3913: checking for x86_64-unknown-linux-gnu-gcc
configure:3940: result: gcc
configure:4209: checking for C compiler version
configure:4218: gcc --version >&5
gcc (Ubuntu/Linaro 4.6.3-1ubuntu5) 4.6.3
Copyright (C) 2011 Free Software Foundation, Inc.
This is free software; see the source for copying conditions.  There is NO
warranty; not even for MERCHANTABILITY or FITNESS FOR A PARTICULAR PURPOSE.

configure:4229: $? = 0
configure:4218: gcc -v >&5
Using built-in specs.
COLLECT_GCC=gcc
COLLECT_LTO_WRAPPER=/usr/lib/gcc/x86_64-linux-gnu/4.6/lto-wrapper
Target: x86_64-linux-gnu
Configured with: ../src/configure -v --with-pkgversion='Ubuntu/Linaro 4.6.3-1ubuntu5' --with-bugurl=file:///usr/share/doc/gcc-4.6/README.Bugs --enable-languages=c,c++,fortran,objc,obj-c++ --prefix=/usr --program-suffix=-4.6 --enable-shared --enable-linker-build-id --with-system-zlib --libexecdir=/usr/lib --without-included-gettext --enable-threads=posix --with-gxx-include-dir=/usr/include/c++/4.6 --libdir=/usr/lib --enable-nls --with-sysroot=/ --enable-clocale=gnu --enable-libstdcxx-debug --enable-libstdcxx-time=yes --enable-gnu-unique-object --enable-plugin --enable-objc-gc --disable-werror --with-arch-32=i686 --with-tune=generic --enable-checking=release --build=x86_64-linux-gnu --host=x86_64-linux-gnu --target=x86_64-linux-gnu
Thread model: posix
gcc version 4.6.3 (Ubuntu/Linaro 4.6.3-1ubuntu5) 
configure:4229: $? = 0
configure:4218: gcc -V >&5
gcc: error: unrecognized option '-V'
gcc: fatal error: no input files
compilation terminated.
configure:4229: $? = 4
configure:4218: gcc -qversion >&5
gcc: error: unrecognized option '-qversion'
gcc: fatal error: no input files
compilation terminated.
configure:4229: $? = 4
configure:4233: checking whether we are using the GNU C compiler
configure:4261: result: yes
configure:4270: checking whether gcc accepts -g
configure:4331: result: yes
configure:4348: checking for gcc option to accept ISO C89
configure:4425: result: none needed
configure:4450: checking how to run the C preprocessor
configure:4481: gcc -E  conftest.c
configure:4481: $? = 0
configure:4495: gcc -E  conftest.c
conftest.c:11:28: fatal error: ac_nonexistent.h: No such file or directory
compilation terminated.
configure:4495: $? = 1
configure: failed program was:
| /* confdefs.h */
| #define PACKAGE_NAME ""
| #define PACKAGE_TARNAME ""
| #define PACKAGE_VERSION ""
| #define PACKAGE_STRING ""
| #define PACKAGE_BUGREPORT ""
| #define PACKAGE_URL ""
| #define PACKAGE "binutils"
| #define VERSION "2.22"
| /* end confdefs.h.  */
| #include <ac_nonexistent.h>
configure:4520: result: gcc -E
configure:4540: gcc -E  conftest.c
configure:4540: $? = 0
configure:4554: gcc -E  conftest.c
conftest.c:11:28: fatal error: ac_nonexistent.h: No such file or directory
compilation terminated.
configure:4554: $? = 1
configure: failed program was:
| /* confdefs.h */
| #define PACKAGE_NAME ""
| #define PACKAGE_TARNAME ""
| #define PACKAGE_VERSION ""
| #define PACKAGE_STRING ""
| #define PACKAGE_BUGREPORT ""
| #define PACKAGE_URL ""
| #define PACKAGE "binutils"
| #define VERSION "2.22"
| /* end confdefs.h.  */
| #include <ac_nonexistent.h>
configure:4583: checking for grep that handles long lines and -e
configure:4641: result: /bin/grep
configure:4646: checking for egrep
configure:4708: result: /bin/grep -E
configure:4713: checking for ANSI C header files
configure:4733: gcc -c -g -O2  conftest.c >&5
configure:4733: $? = 0
configure:4806: gcc -o conftest -g -O2    conftest.c  >&5
configure:4806: $? = 0
configure:4806: ./conftest
configure:4806: $? = 0
configure:4817: result: yes
configure:4830: checking for sys/types.h
configure:4830: gcc -c -g -O2  conftest.c >&5
configure:4830: $? = 0
configure:4830: result: yes
configure:4830: checking for sys/stat.h
configure:4830: gcc -c -g -O2  conftest.c >&5
configure:4830: $? = 0
configure:4830: result: yes
configure:4830: checking for stdlib.h
configure:4830: gcc -c -g -O2  conftest.c >&5
configure:4830: $? = 0
configure:4830: result: yes
configure:4830: checking for string.h
configure:4830: gcc -c -g -O2  conftest.c >&5
configure:4830: $? = 0
configure:4830: result: yes
configure:4830: checking for memory.h
configure:4830: gcc -c -g -O2  conftest.c >&5
configure:4830: $? = 0
configure:4830: result: yes
configure:4830: checking for strings.h
configure:4830: gcc -c -g -O2  conftest.c >&5
configure:4830: $? = 0
configure:4830: result: yes
configure:4830: checking for inttypes.h
configure:4830: gcc -c -g -O2  conftest.c >&5
configure:4830: $? = 0
configure:4830: result: yes
configure:4830: checking for stdint.h
configure:4830: gcc -c -g -O2  conftest.c >&5
configure:4830: $? = 0
configure:4830: result: yes
configure:4830: checking for unistd.h
configure:4830: gcc -c -g -O2  conftest.c >&5
configure:4830: $? = 0
configure:4830: result: yes
configure:4844: checking minix/config.h usability
configure:4844: gcc -c -g -O2  conftest.c >&5
conftest.c:54:26: fatal error: minix/config.h: No such file or directory
compilation terminated.
configure:4844: $? = 1
configure: failed program was:
| /* confdefs.h */
| #define PACKAGE_NAME ""
| #define PACKAGE_TARNAME ""
| #define PACKAGE_VERSION ""
| #define PACKAGE_STRING ""
| #define PACKAGE_BUGREPORT ""
| #define PACKAGE_URL ""
| #define PACKAGE "binutils"
| #define VERSION "2.22"
| #define STDC_HEADERS 1
| #define HAVE_SYS_TYPES_H 1
| #define HAVE_SYS_STAT_H 1
| #define HAVE_STDLIB_H 1
| #define HAVE_STRING_H 1
| #define HAVE_MEMORY_H 1
| #define HAVE_STRINGS_H 1
| #define HAVE_INTTYPES_H 1
| #define HAVE_STDINT_H 1
| #define HAVE_UNISTD_H 1
| /* end confdefs.h.  */
| #include <stdio.h>
| #ifdef HAVE_SYS_TYPES_H
| # include <sys/types.h>
| #endif
| #ifdef HAVE_SYS_STAT_H
| # include <sys/stat.h>
| #endif
| #ifdef STDC_HEADERS
| # include <stdlib.h>
| # include <stddef.h>
| #else
| # ifdef HAVE_STDLIB_H
| #  include <stdlib.h>
| # endif
| #endif
| #ifdef HAVE_STRING_H
| # if !defined STDC_HEADERS && defined HAVE_MEMORY_H
| #  include <memory.h>
| # endif
| # include <string.h>
| #endif
| #ifdef HAVE_STRINGS_H
| # include <strings.h>
| #endif
| #ifdef HAVE_INTTYPES_H
| # include <inttypes.h>
| #endif
| #ifdef HAVE_STDINT_H
| # include <stdint.h>
| #endif
| #ifdef HAVE_UNISTD_H
| # include <unistd.h>
| #endif
| #include <minix/config.h>
configure:4844: result: no
configure:4844: checking minix/config.h presence
configure:4844: gcc -E  conftest.c
conftest.c:21:26: fatal error: minix/config.h: No such file or directory
compilation terminated.
configure:4844: $? = 1
configure: failed program was:
| /* confdefs.h */
| #define PACKAGE_NAME ""
| #define PACKAGE_TARNAME ""
| #define PACKAGE_VERSION ""
| #define PACKAGE_STRING ""
| #define PACKAGE_BUGREPORT ""
| #define PACKAGE_URL ""
| #define PACKAGE "binutils"
| #define VERSION "2.22"
| #define STDC_HEADERS 1
| #define HAVE_SYS_TYPES_H 1
| #define HAVE_SYS_STAT_H 1
| #define HAVE_STDLIB_H 1
| #define HAVE_STRING_H 1
| #define HAVE_MEMORY_H 1
| #define HAVE_STRINGS_H 1
| #define HAVE_INTTYPES_H 1
| #define HAVE_STDINT_H 1
| #define HAVE_UNISTD_H 1
| /* end confdefs.h.  */
| #include <minix/config.h>
configure:4844: result: no
configure:4844: checking for minix/config.h
configure:4844: result: no
configure:4865: checking whether it is safe to define __EXTENSIONS__
configure:4883: gcc -c -g -O2  conftest.c >&5
configure:4883: $? = 0
configure:4890: result: yes
configure:4950: checking for special C compiler options needed for large files
configure:4995: result: no
configure:5001: checking for _FILE_OFFSET_BITS value needed for large files
configure:5026: gcc -c -g -O2  conftest.c >&5
configure:5026: $? = 0
configure:5058: result: no
configure:5188: checking how to print strings
configure:5215: result: printf
configure:5236: checking for a sed that does not truncate output
configure:5300: result: /bin/sed
configure:5318: checking for fgrep
configure:5380: result: /bin/grep -F
configure:5415: checking for ld used by gcc
configure:5482: result: ld
configure:5489: checking if the linker (ld) is GNU ld
configure:5504: result: yes
configure:5516: checking for BSD- or MS-compatible name lister (nm)
configure:5565: result: nm
configure:5695: checking the name lister (nm) interface
configure:5702: gcc -c -g -O2  conftest.c >&5
configure:5705: nm "conftest.o"
configure:5708: output
0000000000000000 B some_variable
configure:5715: result: BSD nm
configure:5718: checking whether ln -s works
configure:5722: result: yes
configure:5730: checking the maximum length of command line arguments
configure:5855: result: 3458764513820540925
configure:5872: checking whether the shell understands some XSI constructs
configure:5882: result: yes
configure:5886: checking whether the shell understands "+="
configure:5892: result: yes
configure:5927: checking for ld option to reload object files
configure:5934: result: -r
configure:5963: checking for x86_64-unknown-linux-gnu-objdump
configure:5990: result: objdump
configure:6062: checking how to recognize dependent libraries
configure:6263: result: pass_all
configure:6283: checking for x86_64-unknown-linux-gnu-ar
configure:6310: result: ar
configure:6388: checking for x86_64-unknown-linux-gnu-strip
configure:6418: result: no
configure:6428: checking for strip
configure:6444: found /usr/bin/strip
configure:6455: result: strip
configure:6487: checking for x86_64-unknown-linux-gnu-ranlib
configure:6514: result: ranlib
configure:6656: checking command to parse nm output from gcc object
configure:6774: gcc -c -g -O2  conftest.c >&5
configure:6777: $? = 0
configure:6781: nm conftest.o \| sed -n -e 's/^.*[ ]\([ABCDGIRSTW][ABCDGIRSTW]*\)[ ][ ]*\([_A-Za-z][_A-Za-z0-9]*\)$/\1 \2 \2/p' \> conftest.nm
configure:6784: $? = 0
configure:6838: gcc -o conftest -g -O2    conftest.c conftstm.o >&5
configure:6841: $? = 0
configure:6879: result: ok
configure:6974: gcc -c -g -O2  conftest.c >&5
configure:6977: $? = 0
configure:7714: checking for dlfcn.h
configure:7714: gcc -c -g -O2  conftest.c >&5
configure:7714: $? = 0
configure:7714: result: yes
configure:7901: checking for objdir
configure:7916: result: .libs
configure:8187: checking if gcc supports -fno-rtti -fno-exceptions
configure:8205: gcc -c -g -O2  -fno-rtti -fno-exceptions conftest.c >&5
cc1: warning: command line option '-fno-rtti' is valid for C++/ObjC++ but not for C [enabled by default]
configure:8209: $? = 0
configure:8222: result: no
configure:8242: checking for gcc option to produce PIC
configure:8527: result: -fPIC -DPIC
configure:8539: checking if gcc PIC flag -fPIC -DPIC works
configure:8557: gcc -c -g -O2  -fPIC -DPIC -DPIC conftest.c >&5
configure:8561: $? = 0
configure:8574: result: yes
configure:8598: checking if gcc static flag -static works
configure:8626: result: yes
configure:8641: checking if gcc supports -c -o file.o
configure:8662: gcc -c -g -O2  -o out/conftest2.o conftest.c >&5
configure:8666: $? = 0
configure:8688: result: yes
configure:8696: checking if gcc supports -c -o file.o
configure:8743: result: yes
configure:8776: checking whether the gcc linker (ld -m elf_x86_64) supports shared libraries
configure:9847: result: yes
configure:9884: checking whether -lc should be explicitly linked in
configure:9892: gcc -c -g -O2  conftest.c >&5
configure:9895: $? = 0
configure:9910: gcc -shared conftest.o  -v -Wl,-soname -Wl,conftest -o conftest 2\>\&1 \| /bin/grep  -lc  \>/dev/null 2\>\&1
configure:9913: $? = 0
configure:9927: result: no
configure:10092: checking dynamic linker characteristics
configure:10543: gcc -o conftest -g -O2    -Wl,-rpath -Wl,/foo conftest.c  >&5
configure:10543: $? = 0
configure:10765: result: GNU/Linux ld.so
configure:10872: checking how to hardcode library paths into programs
configure:10897: result: immediate
configure:11437: checking whether stripping libraries is possible
configure:11442: result: yes
configure:11477: checking if libtool supports shared libraries
configure:11479: result: yes
configure:11482: checking whether to build shared libraries
configure:11503: result: yes
configure:11506: checking whether to build static libraries
configure:11510: result: yes
configure:11644: checking for bison
configure:11671: result: /usr/local/src/binutils-2.22/missing bison -y
configure:11687: checking for flex
configure:11714: result: /usr/local/src/binutils-2.22/missing flex
configure:11751: /usr/local/src/binutils-2.22/missing flex conftest.l
WARNING: `flex' is missing on your system.  You should only need it if
         you modified a `.l' file.  You may need the `Flex' package
         in order for those modifications to take effect.  You can get
         `Flex' from any GNU archive site.
configure:11755: $? = 0
configure:11757: checking lex output file root
configure:11771: result: lex.yy
configure:11776: checking lex library
configure:11790: gcc -o conftest -g -O2    conftest.c   >&5
configure:11790: $? = 0
configure:11800: result: 
configure:11806: checking whether yytext is a pointer
configure:11822: gcc -o conftest -g -O2    conftest.c   >&5
configure:11822: $? = 0
configure:11830: result: yes
configure:11858: checking whether NLS is requested
configure:11861: result: no
configure:11929: checking whether NLS is requested
configure:11938: result: no
configure:11976: checking for msgfmt
configure:12010: result: no
configure:12016: checking for gmsgfmt
configure:12047: result: :
configure:12087: checking for xgettext
configure:12121: result: no
configure:12158: checking for msgmerge
configure:12191: result: no
configure:12225: checking whether to enable maintainer-specific portions of Makefiles
configure:12234: result: no
configure:12279: checking for x86_64-unknown-linux-gnu-ranlib
configure:12306: result: ranlib
configure:12418: checking for string.h
configure:12418: result: yes
configure:12418: checking for strings.h
configure:12418: result: yes
configure:12418: checking for stdlib.h
configure:12418: result: yes
configure:12418: checking for unistd.h
configure:12418: result: yes
configure:12418: checking fcntl.h usability
configure:12418: gcc -c -g -O2  conftest.c >&5
configure:12418: $? = 0
configure:12418: result: yes
configure:12418: checking fcntl.h presence
configure:12418: gcc -E  conftest.c
configure:12418: $? = 0
configure:12418: result: yes
configure:12418: checking for fcntl.h
configure:12418: result: yes
configure:12418: checking sys/file.h usability
configure:12418: gcc -c -g -O2  conftest.c >&5
configure:12418: $? = 0
configure:12418: result: yes
configure:12418: checking sys/file.h presence
configure:12418: gcc -E  conftest.c
configure:12418: $? = 0
configure:12418: result: yes
configure:12418: checking for sys/file.h
configure:12418: result: yes
configure:12418: checking limits.h usability
configure:12418: gcc -c -g -O2  conftest.c >&5
configure:12418: $? = 0
configure:12418: result: yes
configure:12418: checking limits.h presence
configure:12418: gcc -E  conftest.c
configure:12418: $? = 0
configure:12418: result: yes
configure:12418: checking for limits.h
configure:12418: result: yes
configure:12418: checking sys/param.h usability
configure:12418: gcc -c -g -O2  conftest.c >&5
configure:12418: $? = 0
configure:12418: result: yes
configure:12418: checking sys/param.h presence
configure:12418: gcc -E  conftest.c
configure:12418: $? = 0
configure:12418: result: yes
configure:12418: checking for sys/param.h
configure:12418: result: yes
configure:12429: checking for sys/wait.h that is POSIX.1 compatible
configure:12455: gcc -c -g -O2  conftest.c >&5
configure:12455: $? = 0
configure:12462: result: yes
configure:12472: checking for working alloca.h
configure:12489: gcc -o conftest -g -O2    conftest.c  >&5
configure:12489: $? = 0
configure:12497: result: yes
configure:12505: checking for alloca
configure:12542: gcc -o conftest -g -O2    conftest.c  >&5
configure:12542: $? = 0
configure:12550: result: yes
configure:12663: checking for sbrk
configure:12663: gcc -o conftest -g -O2    conftest.c  >&5
configure:12663: $? = 0
configure:12663: result: yes
configure:12663: checking for utimes
configure:12663: gcc -o conftest -g -O2    conftest.c  >&5
configure:12663: $? = 0
configure:12663: result: yes
configure:12663: checking for setmode
configure:12663: gcc -o conftest -g -O2    conftest.c  >&5
/tmp/ccpfVkn8.o: In function `main':
/usr/local/src/build-binutils/binutils/conftest.c:77: undefined reference to `setmode'
collect2: ld returned 1 exit status
configure:12663: $? = 1
configure: failed program was:
| /* confdefs.h */
| #define PACKAGE_NAME ""
| #define PACKAGE_TARNAME ""
| #define PACKAGE_VERSION ""
| #define PACKAGE_STRING ""
| #define PACKAGE_BUGREPORT ""
| #define PACKAGE_URL ""
| #define PACKAGE "binutils"
| #define VERSION "2.22"
| #define STDC_HEADERS 1
| #define HAVE_SYS_TYPES_H 1
| #define HAVE_SYS_STAT_H 1
| #define HAVE_STDLIB_H 1
| #define HAVE_STRING_H 1
| #define HAVE_MEMORY_H 1
| #define HAVE_STRINGS_H 1
| #define HAVE_INTTYPES_H 1
| #define HAVE_STDINT_H 1
| #define HAVE_UNISTD_H 1
| #define __EXTENSIONS__ 1
| #define _ALL_SOURCE 1
| #define _GNU_SOURCE 1
| #define _POSIX_PTHREAD_SEMANTICS 1
| #define _TANDEM_SOURCE 1
| #define HAVE_DLFCN_H 1
| #define LT_OBJDIR ".libs/"
| #define YYTEXT_POINTER 1
| #define EXECUTABLE_SUFFIX ""
| #define HAVE_STRING_H 1
| #define HAVE_STRINGS_H 1
| #define HAVE_STDLIB_H 1
| #define HAVE_UNISTD_H 1
| #define HAVE_FCNTL_H 1
| #define HAVE_SYS_FILE_H 1
| #define HAVE_LIMITS_H 1
| #define HAVE_SYS_PARAM_H 1
| #define HAVE_SYS_WAIT_H 1
| #define HAVE_ALLOCA_H 1
| #define HAVE_ALLOCA 1
| #define HAVE_SBRK 1
| #define HAVE_UTIMES 1
| /* end confdefs.h.  */
| /* Define setmode to an innocuous variant, in case <limits.h> declares setmode.
|    For example, HP-UX 11i <limits.h> declares gettimeofday.  */
| #define setmode innocuous_setmode
| 
| /* System header to define __stub macros and hopefully few prototypes,
|     which can conflict with char setmode (); below.
|     Prefer <limits.h> to <assert.h> if __STDC__ is defined, since
|     <limits.h> exists even on freestanding compilers.  */
| 
| #ifdef __STDC__
| # include <limits.h>
| #else
| # include <assert.h>
| #endif
| 
| #undef setmode
| 
| /* Override any GCC internal prototype to avoid an error.
|    Use char because int might match the return type of a GCC
|    builtin and then its argument prototype would still apply.  */
| #ifdef __cplusplus
| extern "C"
| #endif
| char setmode ();
| /* The GNU C library defines this for functions which it implements
|     to always fail with ENOSYS.  Some functions are actually named
|     something starting with __ and the normal name is an alias.  */
| #if defined __stub_setmode || defined __stub___setmode
| choke me
| #endif
| 
| int
| main ()
| {
| return setmode ();
|   ;
|   return 0;
| }
configure:12663: result: no
configure:12663: checking for getc_unlocked
configure:12663: gcc -o conftest -g -O2    conftest.c  >&5
configure:12663: $? = 0
configure:12663: result: yes
configure:12663: checking for strcoll
configure:12663: gcc -o conftest -g -O2    conftest.c  >&5
configure:12663: $? = 0
configure:12663: result: yes
configure:12673: checking for mkstemp
configure:12673: gcc -o conftest -g -O2    conftest.c  >&5
configure:12673: $? = 0
configure:12673: result: yes
configure:12680: checking for mkdtemp
configure:12680: gcc -o conftest -g -O2    conftest.c  >&5
configure:12680: $? = 0
configure:12680: result: yes
configure:12689: checking for library containing frexp
configure:12720: gcc -o conftest -g -O2    conftest.c  >&5
conftest.c:54:6: warning: conflicting types for built-in function 'frexp' [enabled by default]
configure:12720: $? = 0
configure:12737: result: none required
configure:12746: checking for time_t in time.h
configure:12762: gcc -c -g -O2  conftest.c >&5
configure:12762: $? = 0
configure:12770: result: yes
configure:12778: checking for time_t in sys/types.h
configure:12794: gcc -c -g -O2  conftest.c >&5
configure:12794: $? = 0
configure:12802: result: yes
configure:12810: checking for a known getopt prototype in unistd.h
configure:12826: gcc -c -g -O2  conftest.c >&5
configure:12826: $? = 0
configure:12834: result: yes
configure:12844: checking for utime.h
configure:12864: gcc -c -g -O2  conftest.c >&5
configure:12864: $? = 0
configure:12872: result: yes
configure:12880: checking whether fprintf is declared
configure:12880: gcc -c -g -O2  conftest.c >&5
configure:12880: $? = 0
configure:12880: result: yes
configure:12890: checking whether stpcpy is declared
configure:12890: gcc -c -g -O2  conftest.c >&5
configure:12890: $? = 0
configure:12890: result: yes
configure:12900: checking whether strstr is declared
configure:12900: gcc -c -g -O2  conftest.c >&5
configure:12900: $? = 0
configure:12900: result: yes
configure:12910: checking whether sbrk is declared
configure:12910: gcc -c -g -O2  conftest.c >&5
configure:12910: $? = 0
configure:12910: result: yes
configure:12920: checking whether getenv is declared
configure:12920: gcc -c -g -O2  conftest.c >&5
configure:12920: $? = 0
configure:12920: result: yes
configure:12930: checking whether environ is declared
configure:12930: gcc -c -g -O2  conftest.c >&5
configure:12930: $? = 0
configure:12930: result: yes
configure:12940: checking whether getc_unlocked is declared
configure:12940: gcc -c -g -O2  conftest.c >&5
configure:12940: $? = 0
configure:12940: result: yes
configure:12950: checking whether snprintf is declared
configure:12950: gcc -c -g -O2  conftest.c >&5
configure:12950: $? = 0
configure:12950: result: yes
configure:12960: checking whether vsnprintf is declared
configure:12960: gcc -c -g -O2  conftest.c >&5
configure:12960: $? = 0
configure:12960: result: yes
configure:12975: checking for library containing zlibVersion
configure:13006: gcc -o conftest -g -O2    conftest.c  >&5
/tmp/ccqRsLhY.o: In function `main':
/usr/local/src/build-binutils/binutils/conftest.c:71: undefined reference to `zlibVersion'
collect2: ld returned 1 exit status
configure:13006: $? = 1
configure: failed program was:
| /* confdefs.h */
| #define PACKAGE_NAME ""
| #define PACKAGE_TARNAME ""
| #define PACKAGE_VERSION ""
| #define PACKAGE_STRING ""
| #define PACKAGE_BUGREPORT ""
| #define PACKAGE_URL ""
| #define PACKAGE "binutils"
| #define VERSION "2.22"
| #define STDC_HEADERS 1
| #define HAVE_SYS_TYPES_H 1
| #define HAVE_SYS_STAT_H 1
| #define HAVE_STDLIB_H 1
| #define HAVE_STRING_H 1
| #define HAVE_MEMORY_H 1
| #define HAVE_STRINGS_H 1
| #define HAVE_INTTYPES_H 1
| #define HAVE_STDINT_H 1
| #define HAVE_UNISTD_H 1
| #define __EXTENSIONS__ 1
| #define _ALL_SOURCE 1
| #define _GNU_SOURCE 1
| #define _POSIX_PTHREAD_SEMANTICS 1
| #define _TANDEM_SOURCE 1
| #define HAVE_DLFCN_H 1
| #define LT_OBJDIR ".libs/"
| #define YYTEXT_POINTER 1
| #define EXECUTABLE_SUFFIX ""
| #define HAVE_STRING_H 1
| #define HAVE_STRINGS_H 1
| #define HAVE_STDLIB_H 1
| #define HAVE_UNISTD_H 1
| #define HAVE_FCNTL_H 1
| #define HAVE_SYS_FILE_H 1
| #define HAVE_LIMITS_H 1
| #define HAVE_SYS_PARAM_H 1
| #define HAVE_SYS_WAIT_H 1
| #define HAVE_ALLOCA_H 1
| #define HAVE_ALLOCA 1
| #define HAVE_SBRK 1
| #define HAVE_UTIMES 1
| #define HAVE_GETC_UNLOCKED 1
| #define HAVE_STRCOLL 1
| #define HAVE_MKSTEMP 1
| #define HAVE_MKDTEMP 1
| #define HAVE_TIME_T_IN_TIME_H 1
| #define HAVE_TIME_T_IN_TYPES_H 1
| #define HAVE_DECL_GETOPT 1
| #define HAVE_GOOD_UTIME_H 1
| #define HAVE_DECL_FPRINTF 1
| #define HAVE_DECL_STPCPY 1
| #define HAVE_DECL_STRSTR 1
| #define HAVE_DECL_SBRK 1
| #define HAVE_DECL_GETENV 1
| #define HAVE_DECL_ENVIRON 1
| #define HAVE_DECL_GETC_UNLOCKED 1
| #define HAVE_DECL_SNPRINTF 1
| #define HAVE_DECL_VSNPRINTF 1
| /* end confdefs.h.  */
| 
| /* Override any GCC internal prototype to avoid an error.
|    Use char because int might match the return type of a GCC
|    builtin and then its argument prototype would still apply.  */
| #ifdef __cplusplus
| extern "C"
| #endif
| char zlibVersion ();
| int
| main ()
| {
| return zlibVersion ();
|   ;
|   return 0;
| }
configure:13006: gcc -o conftest -g -O2    conftest.c -lz   >&5
configure:13006: $? = 0
configure:13023: result: -lz
configure:13030: checking zlib.h usability
configure:13030: gcc -c -g -O2  conftest.c >&5
configure:13030: $? = 0
configure:13030: result: yes
configure:13030: checking zlib.h presence
configure:13030: gcc -E  conftest.c
configure:13030: $? = 0
configure:13030: result: yes
configure:13030: checking for zlib.h
configure:13030: result: yes
configure:13067: checking iconv.h usability
configure:13067: gcc -c -g -O2  conftest.c >&5
configure:13067: $? = 0
configure:13067: result: yes
configure:13067: checking iconv.h presence
configure:13067: gcc -E  conftest.c
configure:13067: $? = 0
configure:13067: result: yes
configure:13067: checking for iconv.h
configure:13067: result: yes
configure:13113: checking for ld used by GCC
configure:13176: result: ld -m elf_x86_64
configure:13183: checking if the linker (ld -m elf_x86_64) is GNU ld
GNU ld (GNU Binutils for Ubuntu) 2.22
configure:13195: result: yes
configure:13201: checking for shared library run path origin
configure:13214: result: done
configure:13644: checking for iconv
configure:13666: gcc -o conftest -g -O2    conftest.c -lz  >&5
configure:13666: $? = 0
configure:13698: result: yes
configure:13719: checking for iconv declaration
configure:13748: gcc -c -g -O2  conftest.c >&5
configure:13748: $? = 0
configure:13759: result: install-shextern size_t iconv (iconv_t cd, char * *inbuf, size_t *inbytesleft, char * *outbuf, size_t *outbytesleft);
configure:14110: updating cache ./config.cache
configure:14171: creating ./config.status

## ---------------------- ##
## Running config.status. ##
## ---------------------- ##

This file was extended by config.status, which was
generated by GNU Autoconf 2.64.  Invocation command line was

  CONFIG_FILES    = 
  CONFIG_HEADERS  = 
  CONFIG_LINKS    = 
  CONFIG_COMMANDS = 
  $ ./config.status 

on precise64

config.status:1165: creating Makefile
config.status:1165: creating doc/Makefile
config.status:1165: creating po/Makefile.in
config.status:1165: creating config.h
config.status:1378: executing depfiles commands
config.status:1378: executing libtool commands
config.status:1378: executing default-1 commands

## ---------------- ##
## Cache variables. ##
## ---------------- ##

ac_cv_build=x86_64-unknown-linux-gnu
ac_cv_c_compiler_gnu=yes
ac_cv_env_CC_set=set
ac_cv_env_CC_value=gcc
ac_cv_env_CFLAGS_set=set
ac_cv_env_CFLAGS_value='-g -O2'
ac_cv_env_CPPFLAGS_set=
ac_cv_env_CPPFLAGS_value=
ac_cv_env_CPP_set=
ac_cv_env_CPP_value=
ac_cv_env_LDFLAGS_set=set
ac_cv_env_LDFLAGS_value=' '
ac_cv_env_LIBS_set=
ac_cv_env_LIBS_value=
ac_cv_env_YACC_set=set
ac_cv_env_YACC_value='/usr/local/src/binutils-2.22/missing bison -y'
ac_cv_env_YFLAGS_set=
ac_cv_env_YFLAGS_value=
ac_cv_env_build_alias_set=set
ac_cv_env_build_alias_value=x86_64-unknown-linux-gnu
ac_cv_env_host_alias_set=set
ac_cv_env_host_alias_value=x86_64-unknown-linux-gnu
ac_cv_env_target_alias_set=set
ac_cv_env_target_alias_value=i686-elf
ac_cv_func_alloca_works=yes
ac_cv_func_getc_unlocked=yes
ac_cv_func_mkdtemp=yes
ac_cv_func_mkstemp=yes
ac_cv_func_sbrk=yes
ac_cv_func_setmode=no
ac_cv_func_strcoll=yes
ac_cv_func_utimes=yes
ac_cv_have_decl_environ=yes
ac_cv_have_decl_fprintf=yes
ac_cv_have_decl_getc_unlocked=yes
ac_cv_have_decl_getenv=yes
ac_cv_have_decl_sbrk=yes
ac_cv_have_decl_snprintf=yes
ac_cv_have_decl_stpcpy=yes
ac_cv_have_decl_strstr=yes
ac_cv_have_decl_vsnprintf=yes
ac_cv_header_dlfcn_h=yes
ac_cv_header_fcntl_h=yes
ac_cv_header_iconv_h=yes
ac_cv_header_inttypes_h=yes
ac_cv_header_limits_h=yes
ac_cv_header_memory_h=yes
ac_cv_header_minix_config_h=no
ac_cv_header_stdc=yes
ac_cv_header_stdint_h=yes
ac_cv_header_stdlib_h=yes
ac_cv_header_string_h=yes
ac_cv_header_strings_h=yes
ac_cv_header_sys_file_h=yes
ac_cv_header_sys_param_h=yes
ac_cv_header_sys_stat_h=yes
ac_cv_header_sys_types_h=yes
ac_cv_header_sys_wait_h=yes
ac_cv_header_unistd_h=yes
ac_cv_header_zlib_h=yes
ac_cv_host=x86_64-unknown-linux-gnu
ac_cv_lib_lex=
ac_cv_objext=o
ac_cv_path_EGREP='/bin/grep -E'
ac_cv_path_FGREP='/bin/grep -F'
ac_cv_path_GMSGFMT=:
ac_cv_path_GREP=/bin/grep
ac_cv_path_MSGFMT=:
ac_cv_path_MSGMERGE=:
ac_cv_path_SED=/bin/sed
ac_cv_path_XGETTEXT=:
ac_cv_path_mkdir=/bin/mkdir
ac_cv_prog_AR=ar
ac_cv_prog_AWK=mawk
ac_cv_prog_CC=gcc
ac_cv_prog_CPP='gcc -E'
ac_cv_prog_LEX='/usr/local/src/binutils-2.22/missing flex'
ac_cv_prog_OBJDUMP=objdump
ac_cv_prog_RANLIB=ranlib
ac_cv_prog_YACC='/usr/local/src/binutils-2.22/missing bison -y'
ac_cv_prog_ac_ct_STRIP=strip
ac_cv_prog_cc_c89=
ac_cv_prog_cc_g=yes
ac_cv_prog_lex_root=lex.yy
ac_cv_prog_lex_yytext_pointer=yes
ac_cv_prog_make_make_set=yes
ac_cv_safe_to_define___extensions__=yes
ac_cv_search_frexp='none required'
ac_cv_search_strerror='none required'
ac_cv_search_zlibVersion=-lz
ac_cv_sys_file_offset_bits=no
ac_cv_sys_largefile_CC=no
ac_cv_target=i686-pc-elf
ac_cv_working_alloca_h=yes
acl_cv_hardcode_direct=no
acl_cv_hardcode_libdir_flag_spec='${wl}-rpath ${wl}$libdir'
acl_cv_hardcode_libdir_separator=
acl_cv_hardcode_minus_L=no
acl_cv_libext=a
acl_cv_path_LD='ld -m elf_x86_64'
acl_cv_prog_gnu_ld=yes
acl_cv_rpath=done
acl_cv_shlibext=so
acl_cv_wl=-Wl,
am_cv_CC_dependencies_compiler_type=gcc3
am_cv_func_iconv=yes
am_cv_lib_iconv=no
am_cv_proto_iconv='extern size_t iconv (iconv_t cd, char * *inbuf, size_t *inbytesleft, char * *outbuf, size_t *outbytesleft);'
am_cv_proto_iconv_arg1=
bu_cv_decl_getopt_unistd_h=yes
bu_cv_decl_time_t_time_h=yes
bu_cv_decl_time_t_types_h=yes
bu_cv_header_utime_h=yes
lt_cv_archive_cmds_need_lc=no
lt_cv_deplibs_check_method=pass_all
lt_cv_file_magic_cmd='$MAGIC_CMD'
lt_cv_file_magic_test_file=
lt_cv_ld_reload_flag=-r
lt_cv_nm_interface='BSD nm'
lt_cv_objdir=.libs
lt_cv_path_LD=ld
lt_cv_path_NM=nm
lt_cv_prog_compiler_c_o=yes
lt_cv_prog_compiler_pic_works=yes
lt_cv_prog_compiler_rtti_exceptions=no
lt_cv_prog_compiler_static_works=yes
lt_cv_prog_gnu_ld=yes
lt_cv_shlibpath_overrides_runpath=no
lt_cv_sys_global_symbol_pipe='sed -n -e '\''s/^.*[	 ]\([ABCDGIRSTW][ABCDGIRSTW]*\)[	 ][	 ]*\([_A-Za-z][_A-Za-z0-9]*\)$/\1 \2 \2/p'\'''
lt_cv_sys_global_symbol_to_c_name_address='sed -n -e '\''s/^: \([^ ]*\) $/  {\"\1\", (void *) 0},/p'\'' -e '\''s/^[ABCDGIRSTW]* \([^ ]*\) \([^ ]*\)$/  {"\2", (void *) \&\2},/p'\'''
lt_cv_sys_global_symbol_to_c_name_address_lib_prefix='sed -n -e '\''s/^: \([^ ]*\) $/  {\"\1\", (void *) 0},/p'\'' -e '\''s/^[ABCDGIRSTW]* \([^ ]*\) \(lib[^ ]*\)$/  {"\2", (void *) \&\2},/p'\'' -e '\''s/^[ABCDGIRSTW]* \([^ ]*\) \([^ ]*\)$/  {"lib\2", (void *) \&\2},/p'\'''
lt_cv_sys_global_symbol_to_cdecl='sed -n -e '\''s/^T .* \(.*\)$/extern int \1();/p'\'' -e '\''s/^[ABCDGIRSTW]* .* \(.*\)$/extern char \1;/p'\'''
lt_cv_sys_max_cmd_len=3458764513820540925

## ----------------- ##
## Output variables. ##
## ----------------- ##

ACLOCAL='${SHELL} /usr/local/src/binutils-2.22/missing --run aclocal-1.11'
ALLOCA=''
AMDEPBACKSLASH='\'
AMDEP_FALSE='#'
AMDEP_TRUE=''
AMTAR='${SHELL} /usr/local/src/binutils-2.22/missing --run tar'
AR='ar'
AUTOCONF='${SHELL} /usr/local/src/binutils-2.22/missing --run autoconf'
AUTOHEADER='${SHELL} /usr/local/src/binutils-2.22/missing --run autoheader'
AUTOMAKE='${SHELL} /usr/local/src/binutils-2.22/missing --run automake-1.11'
AWK='mawk'
BUILD_DLLTOOL=''
BUILD_DLLWRAP=''
BUILD_INSTALL_MISC=''
BUILD_MISC=''
BUILD_NLMCONV=''
BUILD_SRCONV=''
BUILD_WINDMC=''
BUILD_WINDRES=''
CATALOGS=''
CATOBJEXT=''
CC='gcc'
CCDEPMODE='depmode=gcc3'
CC_FOR_BUILD='gcc'
CFLAGS='-g -O2'
CPP='gcc -E'
CPPFLAGS=''
CYGPATH_W='echo'
DATADIRNAME=''
DEFS='-DHAVE_CONFIG_H'
DEMANGLER_NAME='c++filt'
DEPDIR='.deps'
DLLTOOL_DEFS=' '
DSYMUTIL=''
DUMPBIN=''
ECHO_C=''
ECHO_N='-n'
ECHO_T=''
EGREP='/bin/grep -E'
EMULATION='vanilla'
EMULATION_VECTOR='bin_vanilla_emulation'
EXEEXT=''
EXEEXT_FOR_BUILD='$(EXEEXT)'
FGREP='/bin/grep -F'
GENCAT=''
GENINSRC_NEVER_FALSE=''
GENINSRC_NEVER_TRUE='#'
GMSGFMT=':'
GREP='/bin/grep'
HDEFINES=''
INCINTL=''
INSTALL_DATA='/usr/bin/install -c -m 644'
INSTALL_PROGRAM='/usr/bin/install -c'
INSTALL_SCRIPT='/usr/bin/install -c'
INSTALL_STRIP_PROGRAM='$(install_sh) -c -s'
INSTOBJEXT=''
LD='ld -m elf_x86_64'
LDFLAGS=' '
LEX='/usr/local/src/binutils-2.22/missing flex'
LEXLIB=''
LEX_OUTPUT_ROOT='lex.yy'
LIBICONV=''
LIBINTL=''
LIBINTL_DEP=''
LIBOBJS=''
LIBS='-lz '
LIBTOOL='$(SHELL) $(top_builddir)/libtool'
LIPO=''
LN_S='ln -s'
LTLIBICONV=''
LTLIBOBJS=''
MAINT='#'
MAINTAINER_MODE_FALSE=''
MAINTAINER_MODE_TRUE='#'
MAKEINFO='/usr/local/src/binutils-2.22/missing makeinfo --split-size=5000000'
MKDIR_P='/bin/mkdir -p'
MKINSTALLDIRS='$(top_builddir)/../../binutils-2.22/binutils/../mkinstalldirs'
MSGFMT=':'
MSGMERGE=':'
NLMCONV_DEFS=''
NM='nm'
NMEDIT=''
NO_WERROR=''
OBJDUMP='objdump'
OBJDUMP_DEFS=' -DOBJDUMP_PRIVATE_VECTORS=""'
OBJDUMP_PRIVATE_OFILES=''
OBJEXT='o'
OTOOL64=''
OTOOL=''
PACKAGE='binutils'
PACKAGE_BUGREPORT=''
PACKAGE_NAME=''
PACKAGE_STRING=''
PACKAGE_TARNAME=''
PACKAGE_URL=''
PACKAGE_VERSION=''
PATH_SEPARATOR=':'
POSUB=''
RANLIB='ranlib'
SED='/bin/sed'
SET_MAKE=''
SHELL='/bin/bash'
STRIP='strip'
USE_NLS='no'
VERSION='2.22'
WARN_CFLAGS='-W -Wall -Wstrict-prototypes -Wmissing-prototypes -Wshadow'
XGETTEXT=':'
YACC='/usr/local/src/binutils-2.22/missing bison -y'
YFLAGS=''
ac_ct_CC=''
ac_ct_DUMPBIN=''
am__EXEEXT_FALSE=''
am__EXEEXT_TRUE='#'
am__fastdepCC_FALSE='#'
am__fastdepCC_TRUE=''
am__include='include'
am__isrc=' -I$(srcdir)'
am__leading_dot='.'
am__quote=''
am__tar='${AMTAR} chof - "$$tardir"'
am__untar='${AMTAR} xf -'
bindir='${exec_prefix}/bin'
build='x86_64-unknown-linux-gnu'
build_alias='x86_64-unknown-linux-gnu'
build_cpu='x86_64'
build_os='linux-gnu'
build_vendor='unknown'
datadir='${datarootdir}'
datarootdir='${prefix}/share'
docdir='${datarootdir}/doc/${PACKAGE}'
dvidir='${docdir}'
exec_prefix='${prefix}'
host='x86_64-unknown-linux-gnu'
host_alias='x86_64-unknown-linux-gnu'
host_cpu='x86_64'
host_os='linux-gnu'
host_vendor='unknown'
htmldir='${docdir}'
includedir='${prefix}/include'
infodir='${datarootdir}/info'
install_sh='${SHELL} /usr/local/src/binutils-2.22/install-sh'
libdir='${exec_prefix}/lib'
libexecdir='${exec_prefix}/libexec'
localedir='${datarootdir}/locale'
localstatedir='${prefix}/var'
mandir='${datarootdir}/man'
mkdir_p='/bin/mkdir -p'
oldincludedir='/usr/include'
pdfdir='${docdir}'
prefix='/usr/local/src/cross'
program_transform_name='s&^&i686-elf-&'
psdir='${docdir}'
sbindir='${exec_prefix}/sbin'
sharedstatedir='${prefix}/com'
sysconfdir='${prefix}/etc'
target='i686-pc-elf'
target_alias='i686-elf'
target_cpu='i686'
target_os='elf'
target_vendor='pc'

## ----------- ##
## confdefs.h. ##
## ----------- ##

/* confdefs.h */
#define PACKAGE_NAME ""
#define PACKAGE_TARNAME ""
#define PACKAGE_VERSION ""
#define PACKAGE_STRING ""
#define PACKAGE_BUGREPORT ""
#define PACKAGE_URL ""
#define PACKAGE "binutils"
#define VERSION "2.22"
#define STDC_HEADERS 1
#define HAVE_SYS_TYPES_H 1
#define HAVE_SYS_STAT_H 1
#define HAVE_STDLIB_H 1
#define HAVE_STRING_H 1
#define HAVE_MEMORY_H 1
#define HAVE_STRINGS_H 1
#define HAVE_INTTYPES_H 1
#define HAVE_STDINT_H 1
#define HAVE_UNISTD_H 1
#define __EXTENSIONS__ 1
#define _ALL_SOURCE 1
#define _GNU_SOURCE 1
#define _POSIX_PTHREAD_SEMANTICS 1
#define _TANDEM_SOURCE 1
#define HAVE_DLFCN_H 1
#define LT_OBJDIR ".libs/"
#define YYTEXT_POINTER 1
#define EXECUTABLE_SUFFIX ""
#define HAVE_STRING_H 1
#define HAVE_STRINGS_H 1
#define HAVE_STDLIB_H 1
#define HAVE_UNISTD_H 1
#define HAVE_FCNTL_H 1
#define HAVE_SYS_FILE_H 1
#define HAVE_LIMITS_H 1
#define HAVE_SYS_PARAM_H 1
#define HAVE_SYS_WAIT_H 1
#define HAVE_ALLOCA_H 1
#define HAVE_ALLOCA 1
#define HAVE_SBRK 1
#define HAVE_UTIMES 1
#define HAVE_GETC_UNLOCKED 1
#define HAVE_STRCOLL 1
#define HAVE_MKSTEMP 1
#define HAVE_MKDTEMP 1
#define HAVE_TIME_T_IN_TIME_H 1
#define HAVE_TIME_T_IN_TYPES_H 1
#define HAVE_DECL_GETOPT 1
#define HAVE_GOOD_UTIME_H 1
#define HAVE_DECL_FPRINTF 1
#define HAVE_DECL_STPCPY 1
#define HAVE_DECL_STRSTR 1
#define HAVE_DECL_SBRK 1
#define HAVE_DECL_GETENV 1
#define HAVE_DECL_ENVIRON 1
#define HAVE_DECL_GETC_UNLOCKED 1
#define HAVE_DECL_SNPRINTF 1
#define HAVE_DECL_VSNPRINTF 1
#define HAVE_ZLIB_H 1
#define HAVE_ICONV 1
#define ICONV_CONST 
#define TARGET "i686-pc-elf"
#define TARGET_PREPENDS_UNDERSCORE 0

configure: exit 0
